INFO:root:start bot
INFO:apscheduler.scheduler:Scheduler started
ERROR:telegram.ext.dispatcher:No error handlers are registered, logging exception.
Traceback (most recent call last):
  File "C:\Users\vit21\AppData\Local\Programs\Python\Python310\lib\site-packages\telegram\vendor\ptb_urllib3\urllib3\connectionpool.py", line 402, in _make_request
    six.raise_from(e, None)
  File "<string>", line 2, in raise_from
  File "C:\Users\vit21\AppData\Local\Programs\Python\Python310\lib\site-packages\telegram\vendor\ptb_urllib3\urllib3\connectionpool.py", line 398, in _make_request
    httplib_response = conn.getresponse()
  File "C:\Users\vit21\AppData\Local\Programs\Python\Python310\lib\http\client.py", line 1374, in getresponse
    response.begin()
  File "C:\Users\vit21\AppData\Local\Programs\Python\Python310\lib\http\client.py", line 318, in begin
    version, status, reason = self._read_status()
  File "C:\Users\vit21\AppData\Local\Programs\Python\Python310\lib\http\client.py", line 279, in _read_status
    line = str(self.fp.readline(_MAXLINE + 1), "iso-8859-1")
  File "C:\Users\vit21\AppData\Local\Programs\Python\Python310\lib\socket.py", line 705, in readinto
    return self._sock.recv_into(b)
  File "C:\Users\vit21\AppData\Local\Programs\Python\Python310\lib\ssl.py", line 1274, in recv_into
    return self.read(nbytes, buffer)
  File "C:\Users\vit21\AppData\Local\Programs\Python\Python310\lib\ssl.py", line 1130, in read
    return self._sslobj.read(len, buffer)
TimeoutError: The read operation timed out

During handling of the above exception, another exception occurred:

Traceback (most recent call last):
  File "C:\Users\vit21\AppData\Local\Programs\Python\Python310\lib\site-packages\telegram\utils\request.py", line 259, in _request_wrapper
    resp = self._con_pool.request(*args, **kwargs)
  File "C:\Users\vit21\AppData\Local\Programs\Python\Python310\lib\site-packages\telegram\vendor\ptb_urllib3\urllib3\request.py", line 68, in request
    return self.request_encode_body(method, url, fields=fields,
  File "C:\Users\vit21\AppData\Local\Programs\Python\Python310\lib\site-packages\telegram\vendor\ptb_urllib3\urllib3\request.py", line 148, in request_encode_body
    return self.urlopen(method, url, **extra_kw)
  File "C:\Users\vit21\AppData\Local\Programs\Python\Python310\lib\site-packages\telegram\vendor\ptb_urllib3\urllib3\poolmanager.py", line 244, in urlopen
    response = conn.urlopen(method, u.request_uri, **kw)
  File "C:\Users\vit21\AppData\Local\Programs\Python\Python310\lib\site-packages\telegram\vendor\ptb_urllib3\urllib3\connectionpool.py", line 665, in urlopen
    retries = retries.increment(method, url, error=e, _pool=self,
  File "C:\Users\vit21\AppData\Local\Programs\Python\Python310\lib\site-packages\telegram\vendor\ptb_urllib3\urllib3\util\retry.py", line 347, in increment
    raise six.reraise(type(error), error, _stacktrace)
  File "C:\Users\vit21\AppData\Local\Programs\Python\Python310\lib\site-packages\telegram\vendor\ptb_urllib3\urllib3\packages\six.py", line 686, in reraise
    raise value
  File "C:\Users\vit21\AppData\Local\Programs\Python\Python310\lib\site-packages\telegram\vendor\ptb_urllib3\urllib3\connectionpool.py", line 614, in urlopen
    httplib_response = self._make_request(conn, method, url,
  File "C:\Users\vit21\AppData\Local\Programs\Python\Python310\lib\site-packages\telegram\vendor\ptb_urllib3\urllib3\connectionpool.py", line 404, in _make_request
    self._raise_timeout(err=e, url=url, timeout_value=read_timeout,
  File "C:\Users\vit21\AppData\Local\Programs\Python\Python310\lib\site-packages\telegram\vendor\ptb_urllib3\urllib3\connectionpool.py", line 321, in _raise_timeout
    raise exc_cls(*args)
telegram.vendor.ptb_urllib3.urllib3.exceptions.ReadTimeoutError: HTTPSConnectionPool(host='api.telegram.org', port=443): Read timed out. (read timeout=5.0)

The above exception was the direct cause of the following exception:

Traceback (most recent call last):
  File "C:\Users\vit21\AppData\Local\Programs\Python\Python310\lib\site-packages\telegram\ext\dispatcher.py", line 557, in process_update
    handler.handle_update(update, self, check, context)
  File "C:\Users\vit21\AppData\Local\Programs\Python\Python310\lib\site-packages\telegram\ext\handler.py", line 199, in handle_update
    return self.callback(update, context)
  File "d:\Ucheba_all\python\test\home_lesson\bot\1.py", line 121, in main_game
    second = int(input_num_candy(update,candy_quant))
  File "d:\Ucheba_all\python\test\home_lesson\bot\1.py", line 74, in input_num_candy
    return input_num_candy(update,candy_qu)
  File "d:\Ucheba_all\python\test\home_lesson\bot\1.py", line 74, in input_num_candy
    return input_num_candy(update,candy_qu)
  File "d:\Ucheba_all\python\test\home_lesson\bot\1.py", line 74, in input_num_candy
    return input_num_candy(update,candy_qu)
  [Previous line repeated 91 more times]
  File "d:\Ucheba_all\python\test\home_lesson\bot\1.py", line 73, in input_num_candy
    update.message.reply_text("����� ������ ����� �����, ���������  ���� �� ���� !! ;)")
  File "C:\Users\vit21\AppData\Local\Programs\Python\Python310\lib\site-packages\telegram\message.py", line 914, in reply_text
    return self.bot.send_message(
  File "C:\Users\vit21\AppData\Local\Programs\Python\Python310\lib\site-packages\telegram\bot.py", line 133, in decorator
    result = func(*args, **kwargs)
  File "C:\Users\vit21\AppData\Local\Programs\Python\Python310\lib\site-packages\telegram\bot.py", line 525, in send_message
    return self._message(  # type: ignore[return-value]
  File "C:\Users\vit21\AppData\Local\Programs\Python\Python310\lib\site-packages\telegram\ext\extbot.py", line 202, in _message
    result = super()._message(
  File "C:\Users\vit21\AppData\Local\Programs\Python\Python310\lib\site-packages\telegram\bot.py", line 339, in _message
    result = self._post(endpoint, data, timeout=timeout, api_kwargs=api_kwargs)
  File "C:\Users\vit21\AppData\Local\Programs\Python\Python310\lib\site-packages\telegram\bot.py", line 298, in _post
    return self.request.post(
  File "C:\Users\vit21\AppData\Local\Programs\Python\Python310\lib\site-packages\telegram\utils\request.py", line 361, in post
    result = self._request_wrapper(
  File "C:\Users\vit21\AppData\Local\Programs\Python\Python310\lib\site-packages\telegram\utils\request.py", line 261, in _request_wrapper
    raise TimedOut() from error
telegram.error.TimedOut: Timed out
ERROR:telegram.ext.dispatcher:No error handlers are registered, logging exception.
Traceback (most recent call last):
  File "C:\Users\vit21\AppData\Local\Programs\Python\Python310\lib\site-packages\telegram\ext\dispatcher.py", line 557, in process_update
    handler.handle_update(update, self, check, context)
  File "C:\Users\vit21\AppData\Local\Programs\Python\Python310\lib\site-packages\telegram\ext\handler.py", line 199, in handle_update
    return self.callback(update, context)
  File "d:\Ucheba_all\python\test\home_lesson\bot\1.py", line 111, in main_game
    first = int(input_num_candy(update,candy_quant))
  File "d:\Ucheba_all\python\test\home_lesson\bot\1.py", line 74, in input_num_candy
    return input_num_candy(update,candy_qu)
  File "d:\Ucheba_all\python\test\home_lesson\bot\1.py", line 74, in input_num_candy
    return input_num_candy(update,candy_qu)
  File "d:\Ucheba_all\python\test\home_lesson\bot\1.py", line 74, in input_num_candy
    return input_num_candy(update,candy_qu)
  [Previous line repeated 91 more times]
  File "d:\Ucheba_all\python\test\home_lesson\bot\1.py", line 73, in input_num_candy
    update.message.reply_text("����� ������ ����� �����, ���������  ���� �� ���� !! ;)")
  File "C:\Users\vit21\AppData\Local\Programs\Python\Python310\lib\site-packages\telegram\message.py", line 914, in reply_text
    return self.bot.send_message(
  File "C:\Users\vit21\AppData\Local\Programs\Python\Python310\lib\site-packages\telegram\bot.py", line 133, in decorator
    result = func(*args, **kwargs)
  File "C:\Users\vit21\AppData\Local\Programs\Python\Python310\lib\site-packages\telegram\bot.py", line 525, in send_message
    return self._message(  # type: ignore[return-value]
  File "C:\Users\vit21\AppData\Local\Programs\Python\Python310\lib\site-packages\telegram\ext\extbot.py", line 202, in _message
    result = super()._message(
  File "C:\Users\vit21\AppData\Local\Programs\Python\Python310\lib\site-packages\telegram\bot.py", line 339, in _message
    result = self._post(endpoint, data, timeout=timeout, api_kwargs=api_kwargs)
  File "C:\Users\vit21\AppData\Local\Programs\Python\Python310\lib\site-packages\telegram\bot.py", line 298, in _post
    return self.request.post(
  File "C:\Users\vit21\AppData\Local\Programs\Python\Python310\lib\site-packages\telegram\utils\request.py", line 361, in post
    result = self._request_wrapper(
  File "C:\Users\vit21\AppData\Local\Programs\Python\Python310\lib\site-packages\telegram\utils\request.py", line 272, in _request_wrapper
    message = str(self._parse(resp.data))
  File "C:\Users\vit21\AppData\Local\Programs\Python\Python310\lib\site-packages\telegram\utils\request.py", line 230, in _parse
    raise RetryAfter(retry_after)
telegram.error.RetryAfter: Flood control exceeded. Retry in 9.0 seconds
ERROR:telegram.ext.dispatcher:No error handlers are registered, logging exception.
Traceback (most recent call last):
  File "C:\Users\vit21\AppData\Local\Programs\Python\Python310\lib\site-packages\telegram\vendor\ptb_urllib3\urllib3\connectionpool.py", line 402, in _make_request
    six.raise_from(e, None)
  File "<string>", line 2, in raise_from
  File "C:\Users\vit21\AppData\Local\Programs\Python\Python310\lib\site-packages\telegram\vendor\ptb_urllib3\urllib3\connectionpool.py", line 398, in _make_request
    httplib_response = conn.getresponse()
  File "C:\Users\vit21\AppData\Local\Programs\Python\Python310\lib\http\client.py", line 1374, in getresponse
    response.begin()
  File "C:\Users\vit21\AppData\Local\Programs\Python\Python310\lib\http\client.py", line 318, in begin
    version, status, reason = self._read_status()
  File "C:\Users\vit21\AppData\Local\Programs\Python\Python310\lib\http\client.py", line 279, in _read_status
    line = str(self.fp.readline(_MAXLINE + 1), "iso-8859-1")
  File "C:\Users\vit21\AppData\Local\Programs\Python\Python310\lib\socket.py", line 705, in readinto
    return self._sock.recv_into(b)
  File "C:\Users\vit21\AppData\Local\Programs\Python\Python310\lib\ssl.py", line 1274, in recv_into
    return self.read(nbytes, buffer)
  File "C:\Users\vit21\AppData\Local\Programs\Python\Python310\lib\ssl.py", line 1130, in read
    return self._sslobj.read(len, buffer)
TimeoutError: The read operation timed out

During handling of the above exception, another exception occurred:

Traceback (most recent call last):
  File "C:\Users\vit21\AppData\Local\Programs\Python\Python310\lib\site-packages\telegram\utils\request.py", line 259, in _request_wrapper
    resp = self._con_pool.request(*args, **kwargs)
  File "C:\Users\vit21\AppData\Local\Programs\Python\Python310\lib\site-packages\telegram\vendor\ptb_urllib3\urllib3\request.py", line 68, in request
    return self.request_encode_body(method, url, fields=fields,
  File "C:\Users\vit21\AppData\Local\Programs\Python\Python310\lib\site-packages\telegram\vendor\ptb_urllib3\urllib3\request.py", line 148, in request_encode_body
    return self.urlopen(method, url, **extra_kw)
  File "C:\Users\vit21\AppData\Local\Programs\Python\Python310\lib\site-packages\telegram\vendor\ptb_urllib3\urllib3\poolmanager.py", line 244, in urlopen
    response = conn.urlopen(method, u.request_uri, **kw)
  File "C:\Users\vit21\AppData\Local\Programs\Python\Python310\lib\site-packages\telegram\vendor\ptb_urllib3\urllib3\connectionpool.py", line 665, in urlopen
    retries = retries.increment(method, url, error=e, _pool=self,
  File "C:\Users\vit21\AppData\Local\Programs\Python\Python310\lib\site-packages\telegram\vendor\ptb_urllib3\urllib3\util\retry.py", line 347, in increment
    raise six.reraise(type(error), error, _stacktrace)
  File "C:\Users\vit21\AppData\Local\Programs\Python\Python310\lib\site-packages\telegram\vendor\ptb_urllib3\urllib3\packages\six.py", line 686, in reraise
    raise value
  File "C:\Users\vit21\AppData\Local\Programs\Python\Python310\lib\site-packages\telegram\vendor\ptb_urllib3\urllib3\connectionpool.py", line 614, in urlopen
    httplib_response = self._make_request(conn, method, url,
  File "C:\Users\vit21\AppData\Local\Programs\Python\Python310\lib\site-packages\telegram\vendor\ptb_urllib3\urllib3\connectionpool.py", line 404, in _make_request
    self._raise_timeout(err=e, url=url, timeout_value=read_timeout,
  File "C:\Users\vit21\AppData\Local\Programs\Python\Python310\lib\site-packages\telegram\vendor\ptb_urllib3\urllib3\connectionpool.py", line 321, in _raise_timeout
    raise exc_cls(*args)
telegram.vendor.ptb_urllib3.urllib3.exceptions.ReadTimeoutError: HTTPSConnectionPool(host='api.telegram.org', port=443): Read timed out. (read timeout=5.0)

The above exception was the direct cause of the following exception:

Traceback (most recent call last):
  File "C:\Users\vit21\AppData\Local\Programs\Python\Python310\lib\site-packages\telegram\ext\dispatcher.py", line 557, in process_update
    handler.handle_update(update, self, check, context)
  File "C:\Users\vit21\AppData\Local\Programs\Python\Python310\lib\site-packages\telegram\ext\handler.py", line 199, in handle_update
    return self.callback(update, context)
  File "d:\Ucheba_all\python\test\home_lesson\bot\1.py", line 83, in main_game
    update.message.reply_text(f'\n������ ����� �1 {Name_player1} ������ ������ �2 {Name_player2}')
  File "C:\Users\vit21\AppData\Local\Programs\Python\Python310\lib\site-packages\telegram\message.py", line 914, in reply_text
    return self.bot.send_message(
  File "C:\Users\vit21\AppData\Local\Programs\Python\Python310\lib\site-packages\telegram\bot.py", line 133, in decorator
    result = func(*args, **kwargs)
  File "C:\Users\vit21\AppData\Local\Programs\Python\Python310\lib\site-packages\telegram\bot.py", line 525, in send_message
    return self._message(  # type: ignore[return-value]
  File "C:\Users\vit21\AppData\Local\Programs\Python\Python310\lib\site-packages\telegram\ext\extbot.py", line 202, in _message
    result = super()._message(
  File "C:\Users\vit21\AppData\Local\Programs\Python\Python310\lib\site-packages\telegram\bot.py", line 339, in _message
    result = self._post(endpoint, data, timeout=timeout, api_kwargs=api_kwargs)
  File "C:\Users\vit21\AppData\Local\Programs\Python\Python310\lib\site-packages\telegram\bot.py", line 298, in _post
    return self.request.post(
  File "C:\Users\vit21\AppData\Local\Programs\Python\Python310\lib\site-packages\telegram\utils\request.py", line 361, in post
    result = self._request_wrapper(
  File "C:\Users\vit21\AppData\Local\Programs\Python\Python310\lib\site-packages\telegram\utils\request.py", line 261, in _request_wrapper
    raise TimedOut() from error
telegram.error.TimedOut: Timed out
ERROR:telegram.ext.dispatcher:No error handlers are registered, logging exception.
Traceback (most recent call last):
  File "C:\Users\vit21\AppData\Local\Programs\Python\Python310\lib\site-packages\telegram\vendor\ptb_urllib3\urllib3\connectionpool.py", line 402, in _make_request
    six.raise_from(e, None)
  File "<string>", line 2, in raise_from
  File "C:\Users\vit21\AppData\Local\Programs\Python\Python310\lib\site-packages\telegram\vendor\ptb_urllib3\urllib3\connectionpool.py", line 398, in _make_request
    httplib_response = conn.getresponse()
  File "C:\Users\vit21\AppData\Local\Programs\Python\Python310\lib\http\client.py", line 1374, in getresponse
    response.begin()
  File "C:\Users\vit21\AppData\Local\Programs\Python\Python310\lib\http\client.py", line 318, in begin
    version, status, reason = self._read_status()
  File "C:\Users\vit21\AppData\Local\Programs\Python\Python310\lib\http\client.py", line 279, in _read_status
    line = str(self.fp.readline(_MAXLINE + 1), "iso-8859-1")
  File "C:\Users\vit21\AppData\Local\Programs\Python\Python310\lib\socket.py", line 705, in readinto
    return self._sock.recv_into(b)
  File "C:\Users\vit21\AppData\Local\Programs\Python\Python310\lib\ssl.py", line 1274, in recv_into
    return self.read(nbytes, buffer)
  File "C:\Users\vit21\AppData\Local\Programs\Python\Python310\lib\ssl.py", line 1130, in read
    return self._sslobj.read(len, buffer)
TimeoutError: The read operation timed out

During handling of the above exception, another exception occurred:

Traceback (most recent call last):
  File "C:\Users\vit21\AppData\Local\Programs\Python\Python310\lib\site-packages\telegram\utils\request.py", line 259, in _request_wrapper
    resp = self._con_pool.request(*args, **kwargs)
  File "C:\Users\vit21\AppData\Local\Programs\Python\Python310\lib\site-packages\telegram\vendor\ptb_urllib3\urllib3\request.py", line 68, in request
    return self.request_encode_body(method, url, fields=fields,
  File "C:\Users\vit21\AppData\Local\Programs\Python\Python310\lib\site-packages\telegram\vendor\ptb_urllib3\urllib3\request.py", line 148, in request_encode_body
    return self.urlopen(method, url, **extra_kw)
  File "C:\Users\vit21\AppData\Local\Programs\Python\Python310\lib\site-packages\telegram\vendor\ptb_urllib3\urllib3\poolmanager.py", line 244, in urlopen
    response = conn.urlopen(method, u.request_uri, **kw)
  File "C:\Users\vit21\AppData\Local\Programs\Python\Python310\lib\site-packages\telegram\vendor\ptb_urllib3\urllib3\connectionpool.py", line 665, in urlopen
    retries = retries.increment(method, url, error=e, _pool=self,
  File "C:\Users\vit21\AppData\Local\Programs\Python\Python310\lib\site-packages\telegram\vendor\ptb_urllib3\urllib3\util\retry.py", line 347, in increment
    raise six.reraise(type(error), error, _stacktrace)
  File "C:\Users\vit21\AppData\Local\Programs\Python\Python310\lib\site-packages\telegram\vendor\ptb_urllib3\urllib3\packages\six.py", line 686, in reraise
    raise value
  File "C:\Users\vit21\AppData\Local\Programs\Python\Python310\lib\site-packages\telegram\vendor\ptb_urllib3\urllib3\connectionpool.py", line 614, in urlopen
    httplib_response = self._make_request(conn, method, url,
  File "C:\Users\vit21\AppData\Local\Programs\Python\Python310\lib\site-packages\telegram\vendor\ptb_urllib3\urllib3\connectionpool.py", line 404, in _make_request
    self._raise_timeout(err=e, url=url, timeout_value=read_timeout,
  File "C:\Users\vit21\AppData\Local\Programs\Python\Python310\lib\site-packages\telegram\vendor\ptb_urllib3\urllib3\connectionpool.py", line 321, in _raise_timeout
    raise exc_cls(*args)
telegram.vendor.ptb_urllib3.urllib3.exceptions.ReadTimeoutError: HTTPSConnectionPool(host='api.telegram.org', port=443): Read timed out. (read timeout=5.0)

The above exception was the direct cause of the following exception:

Traceback (most recent call last):
  File "C:\Users\vit21\AppData\Local\Programs\Python\Python310\lib\site-packages\telegram\ext\dispatcher.py", line 557, in process_update
    handler.handle_update(update, self, check, context)
  File "C:\Users\vit21\AppData\Local\Programs\Python\Python310\lib\site-packages\telegram\ext\handler.py", line 199, in handle_update
    return self.callback(update, context)
  File "d:\Ucheba_all\python\test\home_lesson\bot\1.py", line 121, in main_game
    second = int(input_num_candy(update,candy_quant))
  File "d:\Ucheba_all\python\test\home_lesson\bot\1.py", line 74, in input_num_candy
    return input_num_candy(update,candy_qu)
  File "d:\Ucheba_all\python\test\home_lesson\bot\1.py", line 74, in input_num_candy
    return input_num_candy(update,candy_qu)
  File "d:\Ucheba_all\python\test\home_lesson\bot\1.py", line 74, in input_num_candy
    return input_num_candy(update,candy_qu)
  [Previous line repeated 98 more times]
  File "d:\Ucheba_all\python\test\home_lesson\bot\1.py", line 73, in input_num_candy
    update.message.reply_text("����� ������ ����� �����, ���������  ���� �� ���� !! ;)")
  File "C:\Users\vit21\AppData\Local\Programs\Python\Python310\lib\site-packages\telegram\message.py", line 914, in reply_text
    return self.bot.send_message(
  File "C:\Users\vit21\AppData\Local\Programs\Python\Python310\lib\site-packages\telegram\bot.py", line 133, in decorator
    result = func(*args, **kwargs)
  File "C:\Users\vit21\AppData\Local\Programs\Python\Python310\lib\site-packages\telegram\bot.py", line 525, in send_message
    return self._message(  # type: ignore[return-value]
  File "C:\Users\vit21\AppData\Local\Programs\Python\Python310\lib\site-packages\telegram\ext\extbot.py", line 202, in _message
    result = super()._message(
  File "C:\Users\vit21\AppData\Local\Programs\Python\Python310\lib\site-packages\telegram\bot.py", line 339, in _message
    result = self._post(endpoint, data, timeout=timeout, api_kwargs=api_kwargs)
  File "C:\Users\vit21\AppData\Local\Programs\Python\Python310\lib\site-packages\telegram\bot.py", line 298, in _post
    return self.request.post(
  File "C:\Users\vit21\AppData\Local\Programs\Python\Python310\lib\site-packages\telegram\utils\request.py", line 361, in post
    result = self._request_wrapper(
  File "C:\Users\vit21\AppData\Local\Programs\Python\Python310\lib\site-packages\telegram\utils\request.py", line 261, in _request_wrapper
    raise TimedOut() from error
telegram.error.TimedOut: Timed out
ERROR:telegram.ext.dispatcher:No error handlers are registered, logging exception.
Traceback (most recent call last):
  File "C:\Users\vit21\AppData\Local\Programs\Python\Python310\lib\site-packages\telegram\ext\dispatcher.py", line 557, in process_update
    handler.handle_update(update, self, check, context)
  File "C:\Users\vit21\AppData\Local\Programs\Python\Python310\lib\site-packages\telegram\ext\handler.py", line 199, in handle_update
    return self.callback(update, context)
  File "d:\Ucheba_all\python\test\home_lesson\bot\1.py", line 121, in main_game
    second = int(input_num_candy(update,candy_quant))
  File "d:\Ucheba_all\python\test\home_lesson\bot\1.py", line 63, in input_num_candy
    return input_num_candy(update,candy_qu)
  File "d:\Ucheba_all\python\test\home_lesson\bot\1.py", line 63, in input_num_candy
    return input_num_candy(update,candy_qu)
  File "d:\Ucheba_all\python\test\home_lesson\bot\1.py", line 63, in input_num_candy
    return input_num_candy(update,candy_qu)
  [Previous line repeated 92 more times]
  File "d:\Ucheba_all\python\test\home_lesson\bot\1.py", line 62, in input_num_candy
    update.message.reply_text(f"������ ����� ������ ������ 28 �  ������ ��� ��������, ����� �������� {candy_qu} ������")  #
  File "C:\Users\vit21\AppData\Local\Programs\Python\Python310\lib\site-packages\telegram\message.py", line 914, in reply_text
    return self.bot.send_message(
  File "C:\Users\vit21\AppData\Local\Programs\Python\Python310\lib\site-packages\telegram\bot.py", line 133, in decorator
    result = func(*args, **kwargs)
  File "C:\Users\vit21\AppData\Local\Programs\Python\Python310\lib\site-packages\telegram\bot.py", line 525, in send_message
    return self._message(  # type: ignore[return-value]
  File "C:\Users\vit21\AppData\Local\Programs\Python\Python310\lib\site-packages\telegram\ext\extbot.py", line 202, in _message
    result = super()._message(
  File "C:\Users\vit21\AppData\Local\Programs\Python\Python310\lib\site-packages\telegram\bot.py", line 339, in _message
    result = self._post(endpoint, data, timeout=timeout, api_kwargs=api_kwargs)
  File "C:\Users\vit21\AppData\Local\Programs\Python\Python310\lib\site-packages\telegram\bot.py", line 298, in _post
    return self.request.post(
  File "C:\Users\vit21\AppData\Local\Programs\Python\Python310\lib\site-packages\telegram\utils\request.py", line 361, in post
    result = self._request_wrapper(
  File "C:\Users\vit21\AppData\Local\Programs\Python\Python310\lib\site-packages\telegram\utils\request.py", line 272, in _request_wrapper
    message = str(self._parse(resp.data))
  File "C:\Users\vit21\AppData\Local\Programs\Python\Python310\lib\site-packages\telegram\utils\request.py", line 230, in _parse
    raise RetryAfter(retry_after)
telegram.error.RetryAfter: Flood control exceeded. Retry in 11.0 seconds
ERROR:telegram.ext.dispatcher:No error handlers are registered, logging exception.
Traceback (most recent call last):
  File "C:\Users\vit21\AppData\Local\Programs\Python\Python310\lib\site-packages\telegram\ext\dispatcher.py", line 557, in process_update
    handler.handle_update(update, self, check, context)
  File "C:\Users\vit21\AppData\Local\Programs\Python\Python310\lib\site-packages\telegram\ext\handler.py", line 199, in handle_update
    return self.callback(update, context)
  File "d:\Ucheba_all\python\test\home_lesson\bot\1.py", line 79, in main_game
    update.message.reply_text("������� ��� �������� ���� � ���������  \n������� ������������,������� ��� ������� ������:")
  File "C:\Users\vit21\AppData\Local\Programs\Python\Python310\lib\site-packages\telegram\message.py", line 914, in reply_text
    return self.bot.send_message(
  File "C:\Users\vit21\AppData\Local\Programs\Python\Python310\lib\site-packages\telegram\bot.py", line 133, in decorator
    result = func(*args, **kwargs)
  File "C:\Users\vit21\AppData\Local\Programs\Python\Python310\lib\site-packages\telegram\bot.py", line 525, in send_message
    return self._message(  # type: ignore[return-value]
  File "C:\Users\vit21\AppData\Local\Programs\Python\Python310\lib\site-packages\telegram\ext\extbot.py", line 202, in _message
    result = super()._message(
  File "C:\Users\vit21\AppData\Local\Programs\Python\Python310\lib\site-packages\telegram\bot.py", line 339, in _message
    result = self._post(endpoint, data, timeout=timeout, api_kwargs=api_kwargs)
  File "C:\Users\vit21\AppData\Local\Programs\Python\Python310\lib\site-packages\telegram\bot.py", line 298, in _post
    return self.request.post(
  File "C:\Users\vit21\AppData\Local\Programs\Python\Python310\lib\site-packages\telegram\utils\request.py", line 361, in post
    result = self._request_wrapper(
  File "C:\Users\vit21\AppData\Local\Programs\Python\Python310\lib\site-packages\telegram\utils\request.py", line 272, in _request_wrapper
    message = str(self._parse(resp.data))
  File "C:\Users\vit21\AppData\Local\Programs\Python\Python310\lib\site-packages\telegram\utils\request.py", line 230, in _parse
    raise RetryAfter(retry_after)
telegram.error.RetryAfter: Flood control exceeded. Retry in 11.0 seconds
ERROR:telegram.ext.dispatcher:No error handlers are registered, logging exception.
Traceback (most recent call last):
  File "C:\Users\vit21\AppData\Local\Programs\Python\Python310\lib\site-packages\telegram\ext\dispatcher.py", line 557, in process_update
    handler.handle_update(update, self, check, context)
  File "C:\Users\vit21\AppData\Local\Programs\Python\Python310\lib\site-packages\telegram\ext\handler.py", line 199, in handle_update
    return self.callback(update, context)
  File "d:\Ucheba_all\python\test\home_lesson\bot\1.py", line 79, in main_game
    update.message.reply_text("������� ��� �������� ���� � ���������  \n������� ������������,������� ��� ������� ������:")
  File "C:\Users\vit21\AppData\Local\Programs\Python\Python310\lib\site-packages\telegram\message.py", line 914, in reply_text
    return self.bot.send_message(
  File "C:\Users\vit21\AppData\Local\Programs\Python\Python310\lib\site-packages\telegram\bot.py", line 133, in decorator
    result = func(*args, **kwargs)
  File "C:\Users\vit21\AppData\Local\Programs\Python\Python310\lib\site-packages\telegram\bot.py", line 525, in send_message
    return self._message(  # type: ignore[return-value]
  File "C:\Users\vit21\AppData\Local\Programs\Python\Python310\lib\site-packages\telegram\ext\extbot.py", line 202, in _message
    result = super()._message(
  File "C:\Users\vit21\AppData\Local\Programs\Python\Python310\lib\site-packages\telegram\bot.py", line 339, in _message
    result = self._post(endpoint, data, timeout=timeout, api_kwargs=api_kwargs)
  File "C:\Users\vit21\AppData\Local\Programs\Python\Python310\lib\site-packages\telegram\bot.py", line 298, in _post
    return self.request.post(
  File "C:\Users\vit21\AppData\Local\Programs\Python\Python310\lib\site-packages\telegram\utils\request.py", line 361, in post
    result = self._request_wrapper(
  File "C:\Users\vit21\AppData\Local\Programs\Python\Python310\lib\site-packages\telegram\utils\request.py", line 272, in _request_wrapper
    message = str(self._parse(resp.data))
  File "C:\Users\vit21\AppData\Local\Programs\Python\Python310\lib\site-packages\telegram\utils\request.py", line 230, in _parse
    raise RetryAfter(retry_after)
telegram.error.RetryAfter: Flood control exceeded. Retry in 11.0 seconds
ERROR:telegram.ext.dispatcher:No error handlers are registered, logging exception.
Traceback (most recent call last):
  File "C:\Users\vit21\AppData\Local\Programs\Python\Python310\lib\site-packages\telegram\ext\dispatcher.py", line 557, in process_update
    handler.handle_update(update, self, check, context)
  File "C:\Users\vit21\AppData\Local\Programs\Python\Python310\lib\site-packages\telegram\ext\handler.py", line 199, in handle_update
    return self.callback(update, context)
  File "d:\Ucheba_all\python\test\home_lesson\bot\1.py", line 79, in main_game
    update.message.reply_text("������� ��� �������� ���� � ���������  \n������� ������������,������� ��� ������� ������:")
  File "C:\Users\vit21\AppData\Local\Programs\Python\Python310\lib\site-packages\telegram\message.py", line 914, in reply_text
    return self.bot.send_message(
  File "C:\Users\vit21\AppData\Local\Programs\Python\Python310\lib\site-packages\telegram\bot.py", line 133, in decorator
    result = func(*args, **kwargs)
  File "C:\Users\vit21\AppData\Local\Programs\Python\Python310\lib\site-packages\telegram\bot.py", line 525, in send_message
    return self._message(  # type: ignore[return-value]
  File "C:\Users\vit21\AppData\Local\Programs\Python\Python310\lib\site-packages\telegram\ext\extbot.py", line 202, in _message
    result = super()._message(
  File "C:\Users\vit21\AppData\Local\Programs\Python\Python310\lib\site-packages\telegram\bot.py", line 339, in _message
    result = self._post(endpoint, data, timeout=timeout, api_kwargs=api_kwargs)
  File "C:\Users\vit21\AppData\Local\Programs\Python\Python310\lib\site-packages\telegram\bot.py", line 298, in _post
    return self.request.post(
  File "C:\Users\vit21\AppData\Local\Programs\Python\Python310\lib\site-packages\telegram\utils\request.py", line 361, in post
    result = self._request_wrapper(
  File "C:\Users\vit21\AppData\Local\Programs\Python\Python310\lib\site-packages\telegram\utils\request.py", line 272, in _request_wrapper
    message = str(self._parse(resp.data))
  File "C:\Users\vit21\AppData\Local\Programs\Python\Python310\lib\site-packages\telegram\utils\request.py", line 230, in _parse
    raise RetryAfter(retry_after)
telegram.error.RetryAfter: Flood control exceeded. Retry in 11.0 seconds
ERROR:telegram.ext.dispatcher:No error handlers are registered, logging exception.
Traceback (most recent call last):
  File "C:\Users\vit21\AppData\Local\Programs\Python\Python310\lib\site-packages\telegram\ext\dispatcher.py", line 557, in process_update
    handler.handle_update(update, self, check, context)
  File "C:\Users\vit21\AppData\Local\Programs\Python\Python310\lib\site-packages\telegram\ext\handler.py", line 199, in handle_update
    return self.callback(update, context)
  File "d:\Ucheba_all\python\test\home_lesson\bot\1.py", line 79, in main_game
    update.message.reply_text("������� ��� �������� ���� � ���������  \n������� ������������,������� ��� ������� ������:")
  File "C:\Users\vit21\AppData\Local\Programs\Python\Python310\lib\site-packages\telegram\message.py", line 914, in reply_text
    return self.bot.send_message(
  File "C:\Users\vit21\AppData\Local\Programs\Python\Python310\lib\site-packages\telegram\bot.py", line 133, in decorator
    result = func(*args, **kwargs)
  File "C:\Users\vit21\AppData\Local\Programs\Python\Python310\lib\site-packages\telegram\bot.py", line 525, in send_message
    return self._message(  # type: ignore[return-value]
  File "C:\Users\vit21\AppData\Local\Programs\Python\Python310\lib\site-packages\telegram\ext\extbot.py", line 202, in _message
    result = super()._message(
  File "C:\Users\vit21\AppData\Local\Programs\Python\Python310\lib\site-packages\telegram\bot.py", line 339, in _message
    result = self._post(endpoint, data, timeout=timeout, api_kwargs=api_kwargs)
  File "C:\Users\vit21\AppData\Local\Programs\Python\Python310\lib\site-packages\telegram\bot.py", line 298, in _post
    return self.request.post(
  File "C:\Users\vit21\AppData\Local\Programs\Python\Python310\lib\site-packages\telegram\utils\request.py", line 361, in post
    result = self._request_wrapper(
  File "C:\Users\vit21\AppData\Local\Programs\Python\Python310\lib\site-packages\telegram\utils\request.py", line 272, in _request_wrapper
    message = str(self._parse(resp.data))
  File "C:\Users\vit21\AppData\Local\Programs\Python\Python310\lib\site-packages\telegram\utils\request.py", line 230, in _parse
    raise RetryAfter(retry_after)
telegram.error.RetryAfter: Flood control exceeded. Retry in 11.0 seconds
ERROR:telegram.ext.dispatcher:No error handlers are registered, logging exception.
Traceback (most recent call last):
  File "C:\Users\vit21\AppData\Local\Programs\Python\Python310\lib\site-packages\telegram\ext\dispatcher.py", line 557, in process_update
    handler.handle_update(update, self, check, context)
  File "C:\Users\vit21\AppData\Local\Programs\Python\Python310\lib\site-packages\telegram\ext\handler.py", line 199, in handle_update
    return self.callback(update, context)
  File "d:\Ucheba_all\python\test\home_lesson\bot\1.py", line 79, in main_game
    update.message.reply_text("������� ��� �������� ���� � ���������  \n������� ������������,������� ��� ������� ������:")
  File "C:\Users\vit21\AppData\Local\Programs\Python\Python310\lib\site-packages\telegram\message.py", line 914, in reply_text
    return self.bot.send_message(
  File "C:\Users\vit21\AppData\Local\Programs\Python\Python310\lib\site-packages\telegram\bot.py", line 133, in decorator
    result = func(*args, **kwargs)
  File "C:\Users\vit21\AppData\Local\Programs\Python\Python310\lib\site-packages\telegram\bot.py", line 525, in send_message
    return self._message(  # type: ignore[return-value]
  File "C:\Users\vit21\AppData\Local\Programs\Python\Python310\lib\site-packages\telegram\ext\extbot.py", line 202, in _message
    result = super()._message(
  File "C:\Users\vit21\AppData\Local\Programs\Python\Python310\lib\site-packages\telegram\bot.py", line 339, in _message
    result = self._post(endpoint, data, timeout=timeout, api_kwargs=api_kwargs)
  File "C:\Users\vit21\AppData\Local\Programs\Python\Python310\lib\site-packages\telegram\bot.py", line 298, in _post
    return self.request.post(
  File "C:\Users\vit21\AppData\Local\Programs\Python\Python310\lib\site-packages\telegram\utils\request.py", line 361, in post
    result = self._request_wrapper(
  File "C:\Users\vit21\AppData\Local\Programs\Python\Python310\lib\site-packages\telegram\utils\request.py", line 272, in _request_wrapper
    message = str(self._parse(resp.data))
  File "C:\Users\vit21\AppData\Local\Programs\Python\Python310\lib\site-packages\telegram\utils\request.py", line 230, in _parse
    raise RetryAfter(retry_after)
telegram.error.RetryAfter: Flood control exceeded. Retry in 11.0 seconds
ERROR:telegram.ext.dispatcher:No error handlers are registered, logging exception.
Traceback (most recent call last):
  File "C:\Users\vit21\AppData\Local\Programs\Python\Python310\lib\site-packages\telegram\ext\dispatcher.py", line 557, in process_update
    handler.handle_update(update, self, check, context)
  File "C:\Users\vit21\AppData\Local\Programs\Python\Python310\lib\site-packages\telegram\ext\handler.py", line 199, in handle_update
    return self.callback(update, context)
  File "d:\Ucheba_all\python\test\home_lesson\bot\1.py", line 79, in main_game
    update.message.reply_text("������� ��� �������� ���� � ���������  \n������� ������������,������� ��� ������� ������:")
  File "C:\Users\vit21\AppData\Local\Programs\Python\Python310\lib\site-packages\telegram\message.py", line 914, in reply_text
    return self.bot.send_message(
  File "C:\Users\vit21\AppData\Local\Programs\Python\Python310\lib\site-packages\telegram\bot.py", line 133, in decorator
    result = func(*args, **kwargs)
  File "C:\Users\vit21\AppData\Local\Programs\Python\Python310\lib\site-packages\telegram\bot.py", line 525, in send_message
    return self._message(  # type: ignore[return-value]
  File "C:\Users\vit21\AppData\Local\Programs\Python\Python310\lib\site-packages\telegram\ext\extbot.py", line 202, in _message
    result = super()._message(
  File "C:\Users\vit21\AppData\Local\Programs\Python\Python310\lib\site-packages\telegram\bot.py", line 339, in _message
    result = self._post(endpoint, data, timeout=timeout, api_kwargs=api_kwargs)
  File "C:\Users\vit21\AppData\Local\Programs\Python\Python310\lib\site-packages\telegram\bot.py", line 298, in _post
    return self.request.post(
  File "C:\Users\vit21\AppData\Local\Programs\Python\Python310\lib\site-packages\telegram\utils\request.py", line 361, in post
    result = self._request_wrapper(
  File "C:\Users\vit21\AppData\Local\Programs\Python\Python310\lib\site-packages\telegram\utils\request.py", line 272, in _request_wrapper
    message = str(self._parse(resp.data))
  File "C:\Users\vit21\AppData\Local\Programs\Python\Python310\lib\site-packages\telegram\utils\request.py", line 230, in _parse
    raise RetryAfter(retry_after)
telegram.error.RetryAfter: Flood control exceeded. Retry in 11.0 seconds
ERROR:telegram.ext.dispatcher:No error handlers are registered, logging exception.
Traceback (most recent call last):
  File "C:\Users\vit21\AppData\Local\Programs\Python\Python310\lib\site-packages\telegram\ext\dispatcher.py", line 557, in process_update
    handler.handle_update(update, self, check, context)
  File "C:\Users\vit21\AppData\Local\Programs\Python\Python310\lib\site-packages\telegram\ext\handler.py", line 199, in handle_update
    return self.callback(update, context)
  File "d:\Ucheba_all\python\test\home_lesson\bot\1.py", line 79, in main_game
    update.message.reply_text("������� ��� �������� ���� � ���������  \n������� ������������,������� ��� ������� ������:")
  File "C:\Users\vit21\AppData\Local\Programs\Python\Python310\lib\site-packages\telegram\message.py", line 914, in reply_text
    return self.bot.send_message(
  File "C:\Users\vit21\AppData\Local\Programs\Python\Python310\lib\site-packages\telegram\bot.py", line 133, in decorator
    result = func(*args, **kwargs)
  File "C:\Users\vit21\AppData\Local\Programs\Python\Python310\lib\site-packages\telegram\bot.py", line 525, in send_message
    return self._message(  # type: ignore[return-value]
  File "C:\Users\vit21\AppData\Local\Programs\Python\Python310\lib\site-packages\telegram\ext\extbot.py", line 202, in _message
    result = super()._message(
  File "C:\Users\vit21\AppData\Local\Programs\Python\Python310\lib\site-packages\telegram\bot.py", line 339, in _message
    result = self._post(endpoint, data, timeout=timeout, api_kwargs=api_kwargs)
  File "C:\Users\vit21\AppData\Local\Programs\Python\Python310\lib\site-packages\telegram\bot.py", line 298, in _post
    return self.request.post(
  File "C:\Users\vit21\AppData\Local\Programs\Python\Python310\lib\site-packages\telegram\utils\request.py", line 361, in post
    result = self._request_wrapper(
  File "C:\Users\vit21\AppData\Local\Programs\Python\Python310\lib\site-packages\telegram\utils\request.py", line 272, in _request_wrapper
    message = str(self._parse(resp.data))
  File "C:\Users\vit21\AppData\Local\Programs\Python\Python310\lib\site-packages\telegram\utils\request.py", line 230, in _parse
    raise RetryAfter(retry_after)
telegram.error.RetryAfter: Flood control exceeded. Retry in 11.0 seconds
ERROR:telegram.ext.dispatcher:No error handlers are registered, logging exception.
Traceback (most recent call last):
  File "C:\Users\vit21\AppData\Local\Programs\Python\Python310\lib\site-packages\telegram\ext\dispatcher.py", line 557, in process_update
    handler.handle_update(update, self, check, context)
  File "C:\Users\vit21\AppData\Local\Programs\Python\Python310\lib\site-packages\telegram\ext\handler.py", line 199, in handle_update
    return self.callback(update, context)
  File "d:\Ucheba_all\python\test\home_lesson\bot\1.py", line 79, in main_game
    update.message.reply_text("������� ��� �������� ���� � ���������  \n������� ������������,������� ��� ������� ������:")
  File "C:\Users\vit21\AppData\Local\Programs\Python\Python310\lib\site-packages\telegram\message.py", line 914, in reply_text
    return self.bot.send_message(
  File "C:\Users\vit21\AppData\Local\Programs\Python\Python310\lib\site-packages\telegram\bot.py", line 133, in decorator
    result = func(*args, **kwargs)
  File "C:\Users\vit21\AppData\Local\Programs\Python\Python310\lib\site-packages\telegram\bot.py", line 525, in send_message
    return self._message(  # type: ignore[return-value]
  File "C:\Users\vit21\AppData\Local\Programs\Python\Python310\lib\site-packages\telegram\ext\extbot.py", line 202, in _message
    result = super()._message(
  File "C:\Users\vit21\AppData\Local\Programs\Python\Python310\lib\site-packages\telegram\bot.py", line 339, in _message
    result = self._post(endpoint, data, timeout=timeout, api_kwargs=api_kwargs)
  File "C:\Users\vit21\AppData\Local\Programs\Python\Python310\lib\site-packages\telegram\bot.py", line 298, in _post
    return self.request.post(
  File "C:\Users\vit21\AppData\Local\Programs\Python\Python310\lib\site-packages\telegram\utils\request.py", line 361, in post
    result = self._request_wrapper(
  File "C:\Users\vit21\AppData\Local\Programs\Python\Python310\lib\site-packages\telegram\utils\request.py", line 272, in _request_wrapper
    message = str(self._parse(resp.data))
  File "C:\Users\vit21\AppData\Local\Programs\Python\Python310\lib\site-packages\telegram\utils\request.py", line 230, in _parse
    raise RetryAfter(retry_after)
telegram.error.RetryAfter: Flood control exceeded. Retry in 11.0 seconds
ERROR:telegram.ext.dispatcher:No error handlers are registered, logging exception.
Traceback (most recent call last):
  File "C:\Users\vit21\AppData\Local\Programs\Python\Python310\lib\site-packages\telegram\ext\dispatcher.py", line 557, in process_update
    handler.handle_update(update, self, check, context)
  File "C:\Users\vit21\AppData\Local\Programs\Python\Python310\lib\site-packages\telegram\ext\handler.py", line 199, in handle_update
    return self.callback(update, context)
  File "d:\Ucheba_all\python\test\home_lesson\bot\1.py", line 83, in main_game
    update.message.reply_text(f'\n������ ����� �1 {Name_player1} ������ ������ �2 {Name_player2}')
  File "C:\Users\vit21\AppData\Local\Programs\Python\Python310\lib\site-packages\telegram\message.py", line 914, in reply_text
    return self.bot.send_message(
  File "C:\Users\vit21\AppData\Local\Programs\Python\Python310\lib\site-packages\telegram\bot.py", line 133, in decorator
    result = func(*args, **kwargs)
  File "C:\Users\vit21\AppData\Local\Programs\Python\Python310\lib\site-packages\telegram\bot.py", line 525, in send_message
    return self._message(  # type: ignore[return-value]
  File "C:\Users\vit21\AppData\Local\Programs\Python\Python310\lib\site-packages\telegram\ext\extbot.py", line 202, in _message
    result = super()._message(
  File "C:\Users\vit21\AppData\Local\Programs\Python\Python310\lib\site-packages\telegram\bot.py", line 339, in _message
    result = self._post(endpoint, data, timeout=timeout, api_kwargs=api_kwargs)
  File "C:\Users\vit21\AppData\Local\Programs\Python\Python310\lib\site-packages\telegram\bot.py", line 298, in _post
    return self.request.post(
  File "C:\Users\vit21\AppData\Local\Programs\Python\Python310\lib\site-packages\telegram\utils\request.py", line 361, in post
    result = self._request_wrapper(
  File "C:\Users\vit21\AppData\Local\Programs\Python\Python310\lib\site-packages\telegram\utils\request.py", line 272, in _request_wrapper
    message = str(self._parse(resp.data))
  File "C:\Users\vit21\AppData\Local\Programs\Python\Python310\lib\site-packages\telegram\utils\request.py", line 230, in _parse
    raise RetryAfter(retry_after)
telegram.error.RetryAfter: Flood control exceeded. Retry in 10.0 seconds
ERROR:telegram.ext.dispatcher:No error handlers are registered, logging exception.
Traceback (most recent call last):
  File "C:\Users\vit21\AppData\Local\Programs\Python\Python310\lib\site-packages\telegram\ext\dispatcher.py", line 557, in process_update
    handler.handle_update(update, self, check, context)
  File "C:\Users\vit21\AppData\Local\Programs\Python\Python310\lib\site-packages\telegram\ext\handler.py", line 199, in handle_update
    return self.callback(update, context)
  File "d:\Ucheba_all\python\test\home_lesson\bot\1.py", line 79, in main_game
    update.message.reply_text("������� ��� �������� ���� � ���������  \n������� ������������,������� ��� ������� ������:")
  File "C:\Users\vit21\AppData\Local\Programs\Python\Python310\lib\site-packages\telegram\message.py", line 914, in reply_text
    return self.bot.send_message(
  File "C:\Users\vit21\AppData\Local\Programs\Python\Python310\lib\site-packages\telegram\bot.py", line 133, in decorator
    result = func(*args, **kwargs)
  File "C:\Users\vit21\AppData\Local\Programs\Python\Python310\lib\site-packages\telegram\bot.py", line 525, in send_message
    return self._message(  # type: ignore[return-value]
  File "C:\Users\vit21\AppData\Local\Programs\Python\Python310\lib\site-packages\telegram\ext\extbot.py", line 202, in _message
    result = super()._message(
  File "C:\Users\vit21\AppData\Local\Programs\Python\Python310\lib\site-packages\telegram\bot.py", line 339, in _message
    result = self._post(endpoint, data, timeout=timeout, api_kwargs=api_kwargs)
  File "C:\Users\vit21\AppData\Local\Programs\Python\Python310\lib\site-packages\telegram\bot.py", line 298, in _post
    return self.request.post(
  File "C:\Users\vit21\AppData\Local\Programs\Python\Python310\lib\site-packages\telegram\utils\request.py", line 361, in post
    result = self._request_wrapper(
  File "C:\Users\vit21\AppData\Local\Programs\Python\Python310\lib\site-packages\telegram\utils\request.py", line 272, in _request_wrapper
    message = str(self._parse(resp.data))
  File "C:\Users\vit21\AppData\Local\Programs\Python\Python310\lib\site-packages\telegram\utils\request.py", line 230, in _parse
    raise RetryAfter(retry_after)
telegram.error.RetryAfter: Flood control exceeded. Retry in 10.0 seconds
ERROR:telegram.ext.dispatcher:No error handlers are registered, logging exception.
Traceback (most recent call last):
  File "C:\Users\vit21\AppData\Local\Programs\Python\Python310\lib\site-packages\telegram\ext\dispatcher.py", line 557, in process_update
    handler.handle_update(update, self, check, context)
  File "C:\Users\vit21\AppData\Local\Programs\Python\Python310\lib\site-packages\telegram\ext\handler.py", line 199, in handle_update
    return self.callback(update, context)
  File "d:\Ucheba_all\python\test\home_lesson\bot\1.py", line 79, in main_game
    update.message.reply_text("������� ��� �������� ���� � ���������  \n������� ������������,������� ��� ������� ������:")
  File "C:\Users\vit21\AppData\Local\Programs\Python\Python310\lib\site-packages\telegram\message.py", line 914, in reply_text
    return self.bot.send_message(
  File "C:\Users\vit21\AppData\Local\Programs\Python\Python310\lib\site-packages\telegram\bot.py", line 133, in decorator
    result = func(*args, **kwargs)
  File "C:\Users\vit21\AppData\Local\Programs\Python\Python310\lib\site-packages\telegram\bot.py", line 525, in send_message
    return self._message(  # type: ignore[return-value]
  File "C:\Users\vit21\AppData\Local\Programs\Python\Python310\lib\site-packages\telegram\ext\extbot.py", line 202, in _message
    result = super()._message(
  File "C:\Users\vit21\AppData\Local\Programs\Python\Python310\lib\site-packages\telegram\bot.py", line 339, in _message
    result = self._post(endpoint, data, timeout=timeout, api_kwargs=api_kwargs)
  File "C:\Users\vit21\AppData\Local\Programs\Python\Python310\lib\site-packages\telegram\bot.py", line 298, in _post
    return self.request.post(
  File "C:\Users\vit21\AppData\Local\Programs\Python\Python310\lib\site-packages\telegram\utils\request.py", line 361, in post
    result = self._request_wrapper(
  File "C:\Users\vit21\AppData\Local\Programs\Python\Python310\lib\site-packages\telegram\utils\request.py", line 272, in _request_wrapper
    message = str(self._parse(resp.data))
  File "C:\Users\vit21\AppData\Local\Programs\Python\Python310\lib\site-packages\telegram\utils\request.py", line 230, in _parse
    raise RetryAfter(retry_after)
telegram.error.RetryAfter: Flood control exceeded. Retry in 10.0 seconds
ERROR:telegram.ext.dispatcher:No error handlers are registered, logging exception.
Traceback (most recent call last):
  File "C:\Users\vit21\AppData\Local\Programs\Python\Python310\lib\site-packages\telegram\ext\dispatcher.py", line 557, in process_update
    handler.handle_update(update, self, check, context)
  File "C:\Users\vit21\AppData\Local\Programs\Python\Python310\lib\site-packages\telegram\ext\handler.py", line 199, in handle_update
    return self.callback(update, context)
  File "d:\Ucheba_all\python\test\home_lesson\bot\1.py", line 79, in main_game
    update.message.reply_text("������� ��� �������� ���� � ���������  \n������� ������������,������� ��� ������� ������:")
  File "C:\Users\vit21\AppData\Local\Programs\Python\Python310\lib\site-packages\telegram\message.py", line 914, in reply_text
    return self.bot.send_message(
  File "C:\Users\vit21\AppData\Local\Programs\Python\Python310\lib\site-packages\telegram\bot.py", line 133, in decorator
    result = func(*args, **kwargs)
  File "C:\Users\vit21\AppData\Local\Programs\Python\Python310\lib\site-packages\telegram\bot.py", line 525, in send_message
    return self._message(  # type: ignore[return-value]
  File "C:\Users\vit21\AppData\Local\Programs\Python\Python310\lib\site-packages\telegram\ext\extbot.py", line 202, in _message
    result = super()._message(
  File "C:\Users\vit21\AppData\Local\Programs\Python\Python310\lib\site-packages\telegram\bot.py", line 339, in _message
    result = self._post(endpoint, data, timeout=timeout, api_kwargs=api_kwargs)
  File "C:\Users\vit21\AppData\Local\Programs\Python\Python310\lib\site-packages\telegram\bot.py", line 298, in _post
    return self.request.post(
  File "C:\Users\vit21\AppData\Local\Programs\Python\Python310\lib\site-packages\telegram\utils\request.py", line 361, in post
    result = self._request_wrapper(
  File "C:\Users\vit21\AppData\Local\Programs\Python\Python310\lib\site-packages\telegram\utils\request.py", line 272, in _request_wrapper
    message = str(self._parse(resp.data))
  File "C:\Users\vit21\AppData\Local\Programs\Python\Python310\lib\site-packages\telegram\utils\request.py", line 230, in _parse
    raise RetryAfter(retry_after)
telegram.error.RetryAfter: Flood control exceeded. Retry in 10.0 seconds
ERROR:telegram.ext.dispatcher:No error handlers are registered, logging exception.
Traceback (most recent call last):
  File "C:\Users\vit21\AppData\Local\Programs\Python\Python310\lib\site-packages\telegram\ext\dispatcher.py", line 557, in process_update
    handler.handle_update(update, self, check, context)
  File "C:\Users\vit21\AppData\Local\Programs\Python\Python310\lib\site-packages\telegram\ext\handler.py", line 199, in handle_update
    return self.callback(update, context)
  File "d:\Ucheba_all\python\test\home_lesson\bot\1.py", line 79, in main_game
    update.message.reply_text("������� ��� �������� ���� � ���������  \n������� ������������,������� ��� ������� ������:")
  File "C:\Users\vit21\AppData\Local\Programs\Python\Python310\lib\site-packages\telegram\message.py", line 914, in reply_text
    return self.bot.send_message(
  File "C:\Users\vit21\AppData\Local\Programs\Python\Python310\lib\site-packages\telegram\bot.py", line 133, in decorator
    result = func(*args, **kwargs)
  File "C:\Users\vit21\AppData\Local\Programs\Python\Python310\lib\site-packages\telegram\bot.py", line 525, in send_message
    return self._message(  # type: ignore[return-value]
  File "C:\Users\vit21\AppData\Local\Programs\Python\Python310\lib\site-packages\telegram\ext\extbot.py", line 202, in _message
    result = super()._message(
  File "C:\Users\vit21\AppData\Local\Programs\Python\Python310\lib\site-packages\telegram\bot.py", line 339, in _message
    result = self._post(endpoint, data, timeout=timeout, api_kwargs=api_kwargs)
  File "C:\Users\vit21\AppData\Local\Programs\Python\Python310\lib\site-packages\telegram\bot.py", line 298, in _post
    return self.request.post(
  File "C:\Users\vit21\AppData\Local\Programs\Python\Python310\lib\site-packages\telegram\utils\request.py", line 361, in post
    result = self._request_wrapper(
  File "C:\Users\vit21\AppData\Local\Programs\Python\Python310\lib\site-packages\telegram\utils\request.py", line 272, in _request_wrapper
    message = str(self._parse(resp.data))
  File "C:\Users\vit21\AppData\Local\Programs\Python\Python310\lib\site-packages\telegram\utils\request.py", line 230, in _parse
    raise RetryAfter(retry_after)
telegram.error.RetryAfter: Flood control exceeded. Retry in 10.0 seconds
ERROR:telegram.ext.dispatcher:No error handlers are registered, logging exception.
Traceback (most recent call last):
  File "C:\Users\vit21\AppData\Local\Programs\Python\Python310\lib\site-packages\telegram\ext\dispatcher.py", line 557, in process_update
    handler.handle_update(update, self, check, context)
  File "C:\Users\vit21\AppData\Local\Programs\Python\Python310\lib\site-packages\telegram\ext\handler.py", line 199, in handle_update
    return self.callback(update, context)
  File "d:\Ucheba_all\python\test\home_lesson\bot\1.py", line 79, in main_game
    update.message.reply_text("������� ��� �������� ���� � ���������  \n������� ������������,������� ��� ������� ������:")
  File "C:\Users\vit21\AppData\Local\Programs\Python\Python310\lib\site-packages\telegram\message.py", line 914, in reply_text
    return self.bot.send_message(
  File "C:\Users\vit21\AppData\Local\Programs\Python\Python310\lib\site-packages\telegram\bot.py", line 133, in decorator
    result = func(*args, **kwargs)
  File "C:\Users\vit21\AppData\Local\Programs\Python\Python310\lib\site-packages\telegram\bot.py", line 525, in send_message
    return self._message(  # type: ignore[return-value]
  File "C:\Users\vit21\AppData\Local\Programs\Python\Python310\lib\site-packages\telegram\ext\extbot.py", line 202, in _message
    result = super()._message(
  File "C:\Users\vit21\AppData\Local\Programs\Python\Python310\lib\site-packages\telegram\bot.py", line 339, in _message
    result = self._post(endpoint, data, timeout=timeout, api_kwargs=api_kwargs)
  File "C:\Users\vit21\AppData\Local\Programs\Python\Python310\lib\site-packages\telegram\bot.py", line 298, in _post
    return self.request.post(
  File "C:\Users\vit21\AppData\Local\Programs\Python\Python310\lib\site-packages\telegram\utils\request.py", line 361, in post
    result = self._request_wrapper(
  File "C:\Users\vit21\AppData\Local\Programs\Python\Python310\lib\site-packages\telegram\utils\request.py", line 272, in _request_wrapper
    message = str(self._parse(resp.data))
  File "C:\Users\vit21\AppData\Local\Programs\Python\Python310\lib\site-packages\telegram\utils\request.py", line 230, in _parse
    raise RetryAfter(retry_after)
telegram.error.RetryAfter: Flood control exceeded. Retry in 10.0 seconds
ERROR:telegram.ext.dispatcher:No error handlers are registered, logging exception.
Traceback (most recent call last):
  File "C:\Users\vit21\AppData\Local\Programs\Python\Python310\lib\site-packages\telegram\ext\dispatcher.py", line 557, in process_update
    handler.handle_update(update, self, check, context)
  File "C:\Users\vit21\AppData\Local\Programs\Python\Python310\lib\site-packages\telegram\ext\handler.py", line 199, in handle_update
    return self.callback(update, context)
  File "d:\Ucheba_all\python\test\home_lesson\bot\1.py", line 79, in main_game
    update.message.reply_text("������� ��� �������� ���� � ���������  \n������� ������������,������� ��� ������� ������:")
  File "C:\Users\vit21\AppData\Local\Programs\Python\Python310\lib\site-packages\telegram\message.py", line 914, in reply_text
    return self.bot.send_message(
  File "C:\Users\vit21\AppData\Local\Programs\Python\Python310\lib\site-packages\telegram\bot.py", line 133, in decorator
    result = func(*args, **kwargs)
  File "C:\Users\vit21\AppData\Local\Programs\Python\Python310\lib\site-packages\telegram\bot.py", line 525, in send_message
    return self._message(  # type: ignore[return-value]
  File "C:\Users\vit21\AppData\Local\Programs\Python\Python310\lib\site-packages\telegram\ext\extbot.py", line 202, in _message
    result = super()._message(
  File "C:\Users\vit21\AppData\Local\Programs\Python\Python310\lib\site-packages\telegram\bot.py", line 339, in _message
    result = self._post(endpoint, data, timeout=timeout, api_kwargs=api_kwargs)
  File "C:\Users\vit21\AppData\Local\Programs\Python\Python310\lib\site-packages\telegram\bot.py", line 298, in _post
    return self.request.post(
  File "C:\Users\vit21\AppData\Local\Programs\Python\Python310\lib\site-packages\telegram\utils\request.py", line 361, in post
    result = self._request_wrapper(
  File "C:\Users\vit21\AppData\Local\Programs\Python\Python310\lib\site-packages\telegram\utils\request.py", line 272, in _request_wrapper
    message = str(self._parse(resp.data))
  File "C:\Users\vit21\AppData\Local\Programs\Python\Python310\lib\site-packages\telegram\utils\request.py", line 230, in _parse
    raise RetryAfter(retry_after)
telegram.error.RetryAfter: Flood control exceeded. Retry in 10.0 seconds
ERROR:telegram.ext.dispatcher:No error handlers are registered, logging exception.
Traceback (most recent call last):
  File "C:\Users\vit21\AppData\Local\Programs\Python\Python310\lib\site-packages\telegram\ext\dispatcher.py", line 557, in process_update
    handler.handle_update(update, self, check, context)
  File "C:\Users\vit21\AppData\Local\Programs\Python\Python310\lib\site-packages\telegram\ext\handler.py", line 199, in handle_update
    return self.callback(update, context)
  File "d:\Ucheba_all\python\test\home_lesson\bot\1.py", line 79, in main_game
    update.message.reply_text("������� ��� �������� ���� � ���������  \n������� ������������,������� ��� ������� ������:")
  File "C:\Users\vit21\AppData\Local\Programs\Python\Python310\lib\site-packages\telegram\message.py", line 914, in reply_text
    return self.bot.send_message(
  File "C:\Users\vit21\AppData\Local\Programs\Python\Python310\lib\site-packages\telegram\bot.py", line 133, in decorator
    result = func(*args, **kwargs)
  File "C:\Users\vit21\AppData\Local\Programs\Python\Python310\lib\site-packages\telegram\bot.py", line 525, in send_message
    return self._message(  # type: ignore[return-value]
  File "C:\Users\vit21\AppData\Local\Programs\Python\Python310\lib\site-packages\telegram\ext\extbot.py", line 202, in _message
    result = super()._message(
  File "C:\Users\vit21\AppData\Local\Programs\Python\Python310\lib\site-packages\telegram\bot.py", line 339, in _message
    result = self._post(endpoint, data, timeout=timeout, api_kwargs=api_kwargs)
  File "C:\Users\vit21\AppData\Local\Programs\Python\Python310\lib\site-packages\telegram\bot.py", line 298, in _post
    return self.request.post(
  File "C:\Users\vit21\AppData\Local\Programs\Python\Python310\lib\site-packages\telegram\utils\request.py", line 361, in post
    result = self._request_wrapper(
  File "C:\Users\vit21\AppData\Local\Programs\Python\Python310\lib\site-packages\telegram\utils\request.py", line 272, in _request_wrapper
    message = str(self._parse(resp.data))
  File "C:\Users\vit21\AppData\Local\Programs\Python\Python310\lib\site-packages\telegram\utils\request.py", line 230, in _parse
    raise RetryAfter(retry_after)
telegram.error.RetryAfter: Flood control exceeded. Retry in 9.0 seconds
ERROR:telegram.ext.dispatcher:No error handlers are registered, logging exception.
Traceback (most recent call last):
  File "C:\Users\vit21\AppData\Local\Programs\Python\Python310\lib\site-packages\telegram\vendor\ptb_urllib3\urllib3\connectionpool.py", line 402, in _make_request
    six.raise_from(e, None)
  File "<string>", line 2, in raise_from
  File "C:\Users\vit21\AppData\Local\Programs\Python\Python310\lib\site-packages\telegram\vendor\ptb_urllib3\urllib3\connectionpool.py", line 398, in _make_request
    httplib_response = conn.getresponse()
  File "C:\Users\vit21\AppData\Local\Programs\Python\Python310\lib\http\client.py", line 1374, in getresponse
    response.begin()
  File "C:\Users\vit21\AppData\Local\Programs\Python\Python310\lib\http\client.py", line 318, in begin
    version, status, reason = self._read_status()
  File "C:\Users\vit21\AppData\Local\Programs\Python\Python310\lib\http\client.py", line 279, in _read_status
    line = str(self.fp.readline(_MAXLINE + 1), "iso-8859-1")
  File "C:\Users\vit21\AppData\Local\Programs\Python\Python310\lib\socket.py", line 705, in readinto
    return self._sock.recv_into(b)
  File "C:\Users\vit21\AppData\Local\Programs\Python\Python310\lib\ssl.py", line 1274, in recv_into
    return self.read(nbytes, buffer)
  File "C:\Users\vit21\AppData\Local\Programs\Python\Python310\lib\ssl.py", line 1130, in read
    return self._sslobj.read(len, buffer)
TimeoutError: The read operation timed out

During handling of the above exception, another exception occurred:

Traceback (most recent call last):
  File "C:\Users\vit21\AppData\Local\Programs\Python\Python310\lib\site-packages\telegram\utils\request.py", line 259, in _request_wrapper
    resp = self._con_pool.request(*args, **kwargs)
  File "C:\Users\vit21\AppData\Local\Programs\Python\Python310\lib\site-packages\telegram\vendor\ptb_urllib3\urllib3\request.py", line 68, in request
    return self.request_encode_body(method, url, fields=fields,
  File "C:\Users\vit21\AppData\Local\Programs\Python\Python310\lib\site-packages\telegram\vendor\ptb_urllib3\urllib3\request.py", line 148, in request_encode_body
    return self.urlopen(method, url, **extra_kw)
  File "C:\Users\vit21\AppData\Local\Programs\Python\Python310\lib\site-packages\telegram\vendor\ptb_urllib3\urllib3\poolmanager.py", line 244, in urlopen
    response = conn.urlopen(method, u.request_uri, **kw)
  File "C:\Users\vit21\AppData\Local\Programs\Python\Python310\lib\site-packages\telegram\vendor\ptb_urllib3\urllib3\connectionpool.py", line 665, in urlopen
    retries = retries.increment(method, url, error=e, _pool=self,
  File "C:\Users\vit21\AppData\Local\Programs\Python\Python310\lib\site-packages\telegram\vendor\ptb_urllib3\urllib3\util\retry.py", line 347, in increment
    raise six.reraise(type(error), error, _stacktrace)
  File "C:\Users\vit21\AppData\Local\Programs\Python\Python310\lib\site-packages\telegram\vendor\ptb_urllib3\urllib3\packages\six.py", line 686, in reraise
    raise value
  File "C:\Users\vit21\AppData\Local\Programs\Python\Python310\lib\site-packages\telegram\vendor\ptb_urllib3\urllib3\connectionpool.py", line 614, in urlopen
    httplib_response = self._make_request(conn, method, url,
  File "C:\Users\vit21\AppData\Local\Programs\Python\Python310\lib\site-packages\telegram\vendor\ptb_urllib3\urllib3\connectionpool.py", line 404, in _make_request
    self._raise_timeout(err=e, url=url, timeout_value=read_timeout,
  File "C:\Users\vit21\AppData\Local\Programs\Python\Python310\lib\site-packages\telegram\vendor\ptb_urllib3\urllib3\connectionpool.py", line 321, in _raise_timeout
    raise exc_cls(*args)
telegram.vendor.ptb_urllib3.urllib3.exceptions.ReadTimeoutError: HTTPSConnectionPool(host='api.telegram.org', port=443): Read timed out. (read timeout=5.0)

The above exception was the direct cause of the following exception:

Traceback (most recent call last):
  File "C:\Users\vit21\AppData\Local\Programs\Python\Python310\lib\site-packages\telegram\ext\dispatcher.py", line 557, in process_update
    handler.handle_update(update, self, check, context)
  File "C:\Users\vit21\AppData\Local\Programs\Python\Python310\lib\site-packages\telegram\ext\handler.py", line 199, in handle_update
    return self.callback(update, context)
  File "d:\Ucheba_all\python\test\home_lesson\bot\1.py", line 83, in main_game
    update.message.reply_text(f'\n������ ����� �1 {Name_player1} ������ ������ �2 {Name_player2}')
  File "C:\Users\vit21\AppData\Local\Programs\Python\Python310\lib\site-packages\telegram\message.py", line 914, in reply_text
    return self.bot.send_message(
  File "C:\Users\vit21\AppData\Local\Programs\Python\Python310\lib\site-packages\telegram\bot.py", line 133, in decorator
    result = func(*args, **kwargs)
  File "C:\Users\vit21\AppData\Local\Programs\Python\Python310\lib\site-packages\telegram\bot.py", line 525, in send_message
    return self._message(  # type: ignore[return-value]
  File "C:\Users\vit21\AppData\Local\Programs\Python\Python310\lib\site-packages\telegram\ext\extbot.py", line 202, in _message
    result = super()._message(
  File "C:\Users\vit21\AppData\Local\Programs\Python\Python310\lib\site-packages\telegram\bot.py", line 339, in _message
    result = self._post(endpoint, data, timeout=timeout, api_kwargs=api_kwargs)
  File "C:\Users\vit21\AppData\Local\Programs\Python\Python310\lib\site-packages\telegram\bot.py", line 298, in _post
    return self.request.post(
  File "C:\Users\vit21\AppData\Local\Programs\Python\Python310\lib\site-packages\telegram\utils\request.py", line 361, in post
    result = self._request_wrapper(
  File "C:\Users\vit21\AppData\Local\Programs\Python\Python310\lib\site-packages\telegram\utils\request.py", line 261, in _request_wrapper
    raise TimedOut() from error
telegram.error.TimedOut: Timed out
ERROR:telegram.ext.dispatcher:No error handlers are registered, logging exception.
Traceback (most recent call last):
  File "C:\Users\vit21\AppData\Local\Programs\Python\Python310\lib\site-packages\telegram\ext\dispatcher.py", line 557, in process_update
    handler.handle_update(update, self, check, context)
  File "C:\Users\vit21\AppData\Local\Programs\Python\Python310\lib\site-packages\telegram\ext\handler.py", line 199, in handle_update
    return self.callback(update, context)
  File "d:\Ucheba_all\python\test\home_lesson\bot\1.py", line 79, in main_game
    update.message.reply_text("������� ��� �������� ���� � ���������  \n������� ������������,������� ��� ������� ������:")
  File "C:\Users\vit21\AppData\Local\Programs\Python\Python310\lib\site-packages\telegram\message.py", line 914, in reply_text
    return self.bot.send_message(
  File "C:\Users\vit21\AppData\Local\Programs\Python\Python310\lib\site-packages\telegram\bot.py", line 133, in decorator
    result = func(*args, **kwargs)
  File "C:\Users\vit21\AppData\Local\Programs\Python\Python310\lib\site-packages\telegram\bot.py", line 525, in send_message
    return self._message(  # type: ignore[return-value]
  File "C:\Users\vit21\AppData\Local\Programs\Python\Python310\lib\site-packages\telegram\ext\extbot.py", line 202, in _message
    result = super()._message(
  File "C:\Users\vit21\AppData\Local\Programs\Python\Python310\lib\site-packages\telegram\bot.py", line 339, in _message
    result = self._post(endpoint, data, timeout=timeout, api_kwargs=api_kwargs)
  File "C:\Users\vit21\AppData\Local\Programs\Python\Python310\lib\site-packages\telegram\bot.py", line 298, in _post
    return self.request.post(
  File "C:\Users\vit21\AppData\Local\Programs\Python\Python310\lib\site-packages\telegram\utils\request.py", line 361, in post
    result = self._request_wrapper(
  File "C:\Users\vit21\AppData\Local\Programs\Python\Python310\lib\site-packages\telegram\utils\request.py", line 272, in _request_wrapper
    message = str(self._parse(resp.data))
  File "C:\Users\vit21\AppData\Local\Programs\Python\Python310\lib\site-packages\telegram\utils\request.py", line 230, in _parse
    raise RetryAfter(retry_after)
telegram.error.RetryAfter: Flood control exceeded. Retry in 3.0 seconds
ERROR:telegram.ext.dispatcher:No error handlers are registered, logging exception.
Traceback (most recent call last):
  File "C:\Users\vit21\AppData\Local\Programs\Python\Python310\lib\site-packages\telegram\vendor\ptb_urllib3\urllib3\connectionpool.py", line 402, in _make_request
    six.raise_from(e, None)
  File "<string>", line 2, in raise_from
  File "C:\Users\vit21\AppData\Local\Programs\Python\Python310\lib\site-packages\telegram\vendor\ptb_urllib3\urllib3\connectionpool.py", line 398, in _make_request
    httplib_response = conn.getresponse()
  File "C:\Users\vit21\AppData\Local\Programs\Python\Python310\lib\http\client.py", line 1374, in getresponse
    response.begin()
  File "C:\Users\vit21\AppData\Local\Programs\Python\Python310\lib\http\client.py", line 318, in begin
    version, status, reason = self._read_status()
  File "C:\Users\vit21\AppData\Local\Programs\Python\Python310\lib\http\client.py", line 279, in _read_status
    line = str(self.fp.readline(_MAXLINE + 1), "iso-8859-1")
  File "C:\Users\vit21\AppData\Local\Programs\Python\Python310\lib\socket.py", line 705, in readinto
    return self._sock.recv_into(b)
  File "C:\Users\vit21\AppData\Local\Programs\Python\Python310\lib\ssl.py", line 1274, in recv_into
    return self.read(nbytes, buffer)
  File "C:\Users\vit21\AppData\Local\Programs\Python\Python310\lib\ssl.py", line 1130, in read
    return self._sslobj.read(len, buffer)
TimeoutError: The read operation timed out

During handling of the above exception, another exception occurred:

Traceback (most recent call last):
  File "C:\Users\vit21\AppData\Local\Programs\Python\Python310\lib\site-packages\telegram\utils\request.py", line 259, in _request_wrapper
    resp = self._con_pool.request(*args, **kwargs)
  File "C:\Users\vit21\AppData\Local\Programs\Python\Python310\lib\site-packages\telegram\vendor\ptb_urllib3\urllib3\request.py", line 68, in request
    return self.request_encode_body(method, url, fields=fields,
  File "C:\Users\vit21\AppData\Local\Programs\Python\Python310\lib\site-packages\telegram\vendor\ptb_urllib3\urllib3\request.py", line 148, in request_encode_body
    return self.urlopen(method, url, **extra_kw)
  File "C:\Users\vit21\AppData\Local\Programs\Python\Python310\lib\site-packages\telegram\vendor\ptb_urllib3\urllib3\poolmanager.py", line 244, in urlopen
    response = conn.urlopen(method, u.request_uri, **kw)
  File "C:\Users\vit21\AppData\Local\Programs\Python\Python310\lib\site-packages\telegram\vendor\ptb_urllib3\urllib3\connectionpool.py", line 665, in urlopen
    retries = retries.increment(method, url, error=e, _pool=self,
  File "C:\Users\vit21\AppData\Local\Programs\Python\Python310\lib\site-packages\telegram\vendor\ptb_urllib3\urllib3\util\retry.py", line 347, in increment
    raise six.reraise(type(error), error, _stacktrace)
  File "C:\Users\vit21\AppData\Local\Programs\Python\Python310\lib\site-packages\telegram\vendor\ptb_urllib3\urllib3\packages\six.py", line 686, in reraise
    raise value
  File "C:\Users\vit21\AppData\Local\Programs\Python\Python310\lib\site-packages\telegram\vendor\ptb_urllib3\urllib3\connectionpool.py", line 614, in urlopen
    httplib_response = self._make_request(conn, method, url,
  File "C:\Users\vit21\AppData\Local\Programs\Python\Python310\lib\site-packages\telegram\vendor\ptb_urllib3\urllib3\connectionpool.py", line 404, in _make_request
    self._raise_timeout(err=e, url=url, timeout_value=read_timeout,
  File "C:\Users\vit21\AppData\Local\Programs\Python\Python310\lib\site-packages\telegram\vendor\ptb_urllib3\urllib3\connectionpool.py", line 321, in _raise_timeout
    raise exc_cls(*args)
telegram.vendor.ptb_urllib3.urllib3.exceptions.ReadTimeoutError: HTTPSConnectionPool(host='api.telegram.org', port=443): Read timed out. (read timeout=5.0)

The above exception was the direct cause of the following exception:

Traceback (most recent call last):
  File "C:\Users\vit21\AppData\Local\Programs\Python\Python310\lib\site-packages\telegram\ext\dispatcher.py", line 557, in process_update
    handler.handle_update(update, self, check, context)
  File "C:\Users\vit21\AppData\Local\Programs\Python\Python310\lib\site-packages\telegram\ext\handler.py", line 199, in handle_update
    return self.callback(update, context)
  File "d:\Ucheba_all\python\test\home_lesson\bot\1.py", line 111, in main_game
    first = int(input_num_candy(update,candy_quant))
  File "d:\Ucheba_all\python\test\home_lesson\bot\1.py", line 74, in input_num_candy
    return input_num_candy(update,candy_qu)
  File "d:\Ucheba_all\python\test\home_lesson\bot\1.py", line 74, in input_num_candy
    return input_num_candy(update,candy_qu)
  File "d:\Ucheba_all\python\test\home_lesson\bot\1.py", line 74, in input_num_candy
    return input_num_candy(update,candy_qu)
  [Previous line repeated 92 more times]
  File "d:\Ucheba_all\python\test\home_lesson\bot\1.py", line 73, in input_num_candy
    update.message.reply_text("����� ������ ����� �����, ���������  ���� �� ���� !! ;)")
  File "C:\Users\vit21\AppData\Local\Programs\Python\Python310\lib\site-packages\telegram\message.py", line 914, in reply_text
    return self.bot.send_message(
  File "C:\Users\vit21\AppData\Local\Programs\Python\Python310\lib\site-packages\telegram\bot.py", line 133, in decorator
    result = func(*args, **kwargs)
  File "C:\Users\vit21\AppData\Local\Programs\Python\Python310\lib\site-packages\telegram\bot.py", line 525, in send_message
    return self._message(  # type: ignore[return-value]
  File "C:\Users\vit21\AppData\Local\Programs\Python\Python310\lib\site-packages\telegram\ext\extbot.py", line 202, in _message
    result = super()._message(
  File "C:\Users\vit21\AppData\Local\Programs\Python\Python310\lib\site-packages\telegram\bot.py", line 339, in _message
    result = self._post(endpoint, data, timeout=timeout, api_kwargs=api_kwargs)
  File "C:\Users\vit21\AppData\Local\Programs\Python\Python310\lib\site-packages\telegram\bot.py", line 298, in _post
    return self.request.post(
  File "C:\Users\vit21\AppData\Local\Programs\Python\Python310\lib\site-packages\telegram\utils\request.py", line 361, in post
    result = self._request_wrapper(
  File "C:\Users\vit21\AppData\Local\Programs\Python\Python310\lib\site-packages\telegram\utils\request.py", line 261, in _request_wrapper
    raise TimedOut() from error
telegram.error.TimedOut: Timed out
ERROR:telegram.ext.dispatcher:No error handlers are registered, logging exception.
Traceback (most recent call last):
  File "C:\Users\vit21\AppData\Local\Programs\Python\Python310\lib\site-packages\telegram\vendor\ptb_urllib3\urllib3\connectionpool.py", line 402, in _make_request
    six.raise_from(e, None)
  File "<string>", line 2, in raise_from
  File "C:\Users\vit21\AppData\Local\Programs\Python\Python310\lib\site-packages\telegram\vendor\ptb_urllib3\urllib3\connectionpool.py", line 398, in _make_request
    httplib_response = conn.getresponse()
  File "C:\Users\vit21\AppData\Local\Programs\Python\Python310\lib\http\client.py", line 1374, in getresponse
    response.begin()
  File "C:\Users\vit21\AppData\Local\Programs\Python\Python310\lib\http\client.py", line 318, in begin
    version, status, reason = self._read_status()
  File "C:\Users\vit21\AppData\Local\Programs\Python\Python310\lib\http\client.py", line 279, in _read_status
    line = str(self.fp.readline(_MAXLINE + 1), "iso-8859-1")
  File "C:\Users\vit21\AppData\Local\Programs\Python\Python310\lib\socket.py", line 705, in readinto
    return self._sock.recv_into(b)
  File "C:\Users\vit21\AppData\Local\Programs\Python\Python310\lib\ssl.py", line 1274, in recv_into
    return self.read(nbytes, buffer)
  File "C:\Users\vit21\AppData\Local\Programs\Python\Python310\lib\ssl.py", line 1130, in read
    return self._sslobj.read(len, buffer)
TimeoutError: The read operation timed out

During handling of the above exception, another exception occurred:

Traceback (most recent call last):
  File "C:\Users\vit21\AppData\Local\Programs\Python\Python310\lib\site-packages\telegram\utils\request.py", line 259, in _request_wrapper
    resp = self._con_pool.request(*args, **kwargs)
  File "C:\Users\vit21\AppData\Local\Programs\Python\Python310\lib\site-packages\telegram\vendor\ptb_urllib3\urllib3\request.py", line 68, in request
    return self.request_encode_body(method, url, fields=fields,
  File "C:\Users\vit21\AppData\Local\Programs\Python\Python310\lib\site-packages\telegram\vendor\ptb_urllib3\urllib3\request.py", line 148, in request_encode_body
    return self.urlopen(method, url, **extra_kw)
  File "C:\Users\vit21\AppData\Local\Programs\Python\Python310\lib\site-packages\telegram\vendor\ptb_urllib3\urllib3\poolmanager.py", line 244, in urlopen
    response = conn.urlopen(method, u.request_uri, **kw)
  File "C:\Users\vit21\AppData\Local\Programs\Python\Python310\lib\site-packages\telegram\vendor\ptb_urllib3\urllib3\connectionpool.py", line 665, in urlopen
    retries = retries.increment(method, url, error=e, _pool=self,
  File "C:\Users\vit21\AppData\Local\Programs\Python\Python310\lib\site-packages\telegram\vendor\ptb_urllib3\urllib3\util\retry.py", line 347, in increment
    raise six.reraise(type(error), error, _stacktrace)
  File "C:\Users\vit21\AppData\Local\Programs\Python\Python310\lib\site-packages\telegram\vendor\ptb_urllib3\urllib3\packages\six.py", line 686, in reraise
    raise value
  File "C:\Users\vit21\AppData\Local\Programs\Python\Python310\lib\site-packages\telegram\vendor\ptb_urllib3\urllib3\connectionpool.py", line 614, in urlopen
    httplib_response = self._make_request(conn, method, url,
  File "C:\Users\vit21\AppData\Local\Programs\Python\Python310\lib\site-packages\telegram\vendor\ptb_urllib3\urllib3\connectionpool.py", line 404, in _make_request
    self._raise_timeout(err=e, url=url, timeout_value=read_timeout,
  File "C:\Users\vit21\AppData\Local\Programs\Python\Python310\lib\site-packages\telegram\vendor\ptb_urllib3\urllib3\connectionpool.py", line 321, in _raise_timeout
    raise exc_cls(*args)
telegram.vendor.ptb_urllib3.urllib3.exceptions.ReadTimeoutError: HTTPSConnectionPool(host='api.telegram.org', port=443): Read timed out. (read timeout=5.0)

The above exception was the direct cause of the following exception:

Traceback (most recent call last):
  File "C:\Users\vit21\AppData\Local\Programs\Python\Python310\lib\site-packages\telegram\ext\dispatcher.py", line 557, in process_update
    handler.handle_update(update, self, check, context)
  File "C:\Users\vit21\AppData\Local\Programs\Python\Python310\lib\site-packages\telegram\ext\handler.py", line 199, in handle_update
    return self.callback(update, context)
  File "d:\Ucheba_all\python\test\home_lesson\bot\1.py", line 79, in main_game
    update.message.reply_text("������� ��� �������� ���� � ���������  \n������� ������������,������� ��� ������� ������:")
  File "C:\Users\vit21\AppData\Local\Programs\Python\Python310\lib\site-packages\telegram\message.py", line 914, in reply_text
    return self.bot.send_message(
  File "C:\Users\vit21\AppData\Local\Programs\Python\Python310\lib\site-packages\telegram\bot.py", line 133, in decorator
    result = func(*args, **kwargs)
  File "C:\Users\vit21\AppData\Local\Programs\Python\Python310\lib\site-packages\telegram\bot.py", line 525, in send_message
    return self._message(  # type: ignore[return-value]
  File "C:\Users\vit21\AppData\Local\Programs\Python\Python310\lib\site-packages\telegram\ext\extbot.py", line 202, in _message
    result = super()._message(
  File "C:\Users\vit21\AppData\Local\Programs\Python\Python310\lib\site-packages\telegram\bot.py", line 339, in _message
    result = self._post(endpoint, data, timeout=timeout, api_kwargs=api_kwargs)
  File "C:\Users\vit21\AppData\Local\Programs\Python\Python310\lib\site-packages\telegram\bot.py", line 298, in _post
    return self.request.post(
  File "C:\Users\vit21\AppData\Local\Programs\Python\Python310\lib\site-packages\telegram\utils\request.py", line 361, in post
    result = self._request_wrapper(
  File "C:\Users\vit21\AppData\Local\Programs\Python\Python310\lib\site-packages\telegram\utils\request.py", line 261, in _request_wrapper
    raise TimedOut() from error
telegram.error.TimedOut: Timed out
INFO:telegram.ext.updater:Received signal 2 (SIGINT), stopping...
INFO:apscheduler.scheduler:Scheduler has been shut down
INFO:root:start bot
INFO:apscheduler.scheduler:Scheduler started
INFO:telegram.ext.updater:Received signal 2 (SIGINT), stopping...
INFO:apscheduler.scheduler:Scheduler has been shut down
WARNING:telegram.ext.updater:Exiting immediately!
INFO:root:start bot
INFO:apscheduler.scheduler:Scheduler started
INFO:telegram.ext.updater:Received signal 2 (SIGINT), stopping...
INFO:apscheduler.scheduler:Scheduler has been shut down
ERROR:telegram.ext.dispatcher:No error handlers are registered, logging exception.
Traceback (most recent call last):
  File "C:\Users\vit21\AppData\Local\Programs\Python\Python310\lib\site-packages\telegram\ext\dispatcher.py", line 557, in process_update
    handler.handle_update(update, self, check, context)
  File "C:\Users\vit21\AppData\Local\Programs\Python\Python310\lib\site-packages\telegram\ext\handler.py", line 199, in handle_update
    return self.callback(update, context)
  File "d:\Ucheba_all\python\test\home_lesson\bot\1.py", line 111, in main_game
    first = int(input_num_candy(update,candy_quant))
  File "d:\Ucheba_all\python\test\home_lesson\bot\1.py", line 63, in input_num_candy
    return input_num_candy(update,candy_qu)
  File "d:\Ucheba_all\python\test\home_lesson\bot\1.py", line 63, in input_num_candy
    return input_num_candy(update,candy_qu)
  File "d:\Ucheba_all\python\test\home_lesson\bot\1.py", line 63, in input_num_candy
    return input_num_candy(update,candy_qu)
  [Previous line repeated 91 more times]
  File "d:\Ucheba_all\python\test\home_lesson\bot\1.py", line 62, in input_num_candy
    update.message.reply_text(f"������ ����� ������ ������ 28 �  ������ ��� ��������, ����� �������� {candy_qu} ������")  #
  File "C:\Users\vit21\AppData\Local\Programs\Python\Python310\lib\site-packages\telegram\message.py", line 914, in reply_text
    return self.bot.send_message(
  File "C:\Users\vit21\AppData\Local\Programs\Python\Python310\lib\site-packages\telegram\bot.py", line 133, in decorator
    result = func(*args, **kwargs)
  File "C:\Users\vit21\AppData\Local\Programs\Python\Python310\lib\site-packages\telegram\bot.py", line 525, in send_message
    return self._message(  # type: ignore[return-value]
  File "C:\Users\vit21\AppData\Local\Programs\Python\Python310\lib\site-packages\telegram\ext\extbot.py", line 202, in _message
    result = super()._message(
  File "C:\Users\vit21\AppData\Local\Programs\Python\Python310\lib\site-packages\telegram\bot.py", line 339, in _message
    result = self._post(endpoint, data, timeout=timeout, api_kwargs=api_kwargs)
  File "C:\Users\vit21\AppData\Local\Programs\Python\Python310\lib\site-packages\telegram\bot.py", line 298, in _post
    return self.request.post(
  File "C:\Users\vit21\AppData\Local\Programs\Python\Python310\lib\site-packages\telegram\utils\request.py", line 361, in post
    result = self._request_wrapper(
  File "C:\Users\vit21\AppData\Local\Programs\Python\Python310\lib\site-packages\telegram\utils\request.py", line 272, in _request_wrapper
    message = str(self._parse(resp.data))
  File "C:\Users\vit21\AppData\Local\Programs\Python\Python310\lib\site-packages\telegram\utils\request.py", line 230, in _parse
    raise RetryAfter(retry_after)
telegram.error.RetryAfter: Flood control exceeded. Retry in 9.0 seconds
INFO:root:start bot
INFO:apscheduler.scheduler:Scheduler started
INFO:telegram.ext.updater:Received signal 2 (SIGINT), stopping...
INFO:apscheduler.scheduler:Scheduler has been shut down
WARNING:telegram.ext.updater:Exiting immediately!
ERROR:telegram.ext.dispatcher:No error handlers are registered, logging exception.
Traceback (most recent call last):
  File "C:\Users\vit21\AppData\Local\Programs\Python\Python310\lib\site-packages\telegram\vendor\ptb_urllib3\urllib3\connectionpool.py", line 402, in _make_request
    six.raise_from(e, None)
  File "<string>", line 2, in raise_from
  File "C:\Users\vit21\AppData\Local\Programs\Python\Python310\lib\site-packages\telegram\vendor\ptb_urllib3\urllib3\connectionpool.py", line 398, in _make_request
    httplib_response = conn.getresponse()
  File "C:\Users\vit21\AppData\Local\Programs\Python\Python310\lib\http\client.py", line 1374, in getresponse
    response.begin()
  File "C:\Users\vit21\AppData\Local\Programs\Python\Python310\lib\http\client.py", line 318, in begin
    version, status, reason = self._read_status()
  File "C:\Users\vit21\AppData\Local\Programs\Python\Python310\lib\http\client.py", line 279, in _read_status
    line = str(self.fp.readline(_MAXLINE + 1), "iso-8859-1")
  File "C:\Users\vit21\AppData\Local\Programs\Python\Python310\lib\socket.py", line 705, in readinto
    return self._sock.recv_into(b)
  File "C:\Users\vit21\AppData\Local\Programs\Python\Python310\lib\ssl.py", line 1274, in recv_into
    return self.read(nbytes, buffer)
  File "C:\Users\vit21\AppData\Local\Programs\Python\Python310\lib\ssl.py", line 1130, in read
    return self._sslobj.read(len, buffer)
TimeoutError: The read operation timed out

During handling of the above exception, another exception occurred:

Traceback (most recent call last):
  File "C:\Users\vit21\AppData\Local\Programs\Python\Python310\lib\site-packages\telegram\utils\request.py", line 259, in _request_wrapper
    resp = self._con_pool.request(*args, **kwargs)
  File "C:\Users\vit21\AppData\Local\Programs\Python\Python310\lib\site-packages\telegram\vendor\ptb_urllib3\urllib3\request.py", line 68, in request
    return self.request_encode_body(method, url, fields=fields,
  File "C:\Users\vit21\AppData\Local\Programs\Python\Python310\lib\site-packages\telegram\vendor\ptb_urllib3\urllib3\request.py", line 148, in request_encode_body
    return self.urlopen(method, url, **extra_kw)
  File "C:\Users\vit21\AppData\Local\Programs\Python\Python310\lib\site-packages\telegram\vendor\ptb_urllib3\urllib3\poolmanager.py", line 244, in urlopen
    response = conn.urlopen(method, u.request_uri, **kw)
  File "C:\Users\vit21\AppData\Local\Programs\Python\Python310\lib\site-packages\telegram\vendor\ptb_urllib3\urllib3\connectionpool.py", line 665, in urlopen
    retries = retries.increment(method, url, error=e, _pool=self,
  File "C:\Users\vit21\AppData\Local\Programs\Python\Python310\lib\site-packages\telegram\vendor\ptb_urllib3\urllib3\util\retry.py", line 347, in increment
    raise six.reraise(type(error), error, _stacktrace)
  File "C:\Users\vit21\AppData\Local\Programs\Python\Python310\lib\site-packages\telegram\vendor\ptb_urllib3\urllib3\packages\six.py", line 686, in reraise
    raise value
  File "C:\Users\vit21\AppData\Local\Programs\Python\Python310\lib\site-packages\telegram\vendor\ptb_urllib3\urllib3\connectionpool.py", line 614, in urlopen
    httplib_response = self._make_request(conn, method, url,
  File "C:\Users\vit21\AppData\Local\Programs\Python\Python310\lib\site-packages\telegram\vendor\ptb_urllib3\urllib3\connectionpool.py", line 404, in _make_request
    self._raise_timeout(err=e, url=url, timeout_value=read_timeout,
  File "C:\Users\vit21\AppData\Local\Programs\Python\Python310\lib\site-packages\telegram\vendor\ptb_urllib3\urllib3\connectionpool.py", line 321, in _raise_timeout
    raise exc_cls(*args)
telegram.vendor.ptb_urllib3.urllib3.exceptions.ReadTimeoutError: HTTPSConnectionPool(host='api.telegram.org', port=443): Read timed out. (read timeout=5.0)

The above exception was the direct cause of the following exception:

Traceback (most recent call last):
  File "C:\Users\vit21\AppData\Local\Programs\Python\Python310\lib\site-packages\telegram\ext\dispatcher.py", line 557, in process_update
    handler.handle_update(update, self, check, context)
  File "C:\Users\vit21\AppData\Local\Programs\Python\Python310\lib\site-packages\telegram\ext\handler.py", line 199, in handle_update
    return self.callback(update, context)
  File "d:\Ucheba_all\python\test\home_lesson\bot\1.py", line 110, in main_game
    first = int(input_num_candy(update,candy_quant))
  File "d:\Ucheba_all\python\test\home_lesson\bot\1.py", line 73, in input_num_candy
    return input_num_candy(update,candy_qu)
  File "d:\Ucheba_all\python\test\home_lesson\bot\1.py", line 73, in input_num_candy
    return input_num_candy(update,candy_qu)
  File "d:\Ucheba_all\python\test\home_lesson\bot\1.py", line 73, in input_num_candy
    return input_num_candy(update,candy_qu)
  [Previous line repeated 92 more times]
  File "d:\Ucheba_all\python\test\home_lesson\bot\1.py", line 72, in input_num_candy
    update.message.reply_text("   ,      !! ;)")
  File "C:\Users\vit21\AppData\Local\Programs\Python\Python310\lib\site-packages\telegram\message.py", line 914, in reply_text
    return self.bot.send_message(
  File "C:\Users\vit21\AppData\Local\Programs\Python\Python310\lib\site-packages\telegram\bot.py", line 133, in decorator
    result = func(*args, **kwargs)
  File "C:\Users\vit21\AppData\Local\Programs\Python\Python310\lib\site-packages\telegram\bot.py", line 525, in send_message
    return self._message(  # type: ignore[return-value]
  File "C:\Users\vit21\AppData\Local\Programs\Python\Python310\lib\site-packages\telegram\ext\extbot.py", line 202, in _message
    result = super()._message(
  File "C:\Users\vit21\AppData\Local\Programs\Python\Python310\lib\site-packages\telegram\bot.py", line 339, in _message
    result = self._post(endpoint, data, timeout=timeout, api_kwargs=api_kwargs)
  File "C:\Users\vit21\AppData\Local\Programs\Python\Python310\lib\site-packages\telegram\bot.py", line 298, in _post
    return self.request.post(
  File "C:\Users\vit21\AppData\Local\Programs\Python\Python310\lib\site-packages\telegram\utils\request.py", line 361, in post
    result = self._request_wrapper(
  File "C:\Users\vit21\AppData\Local\Programs\Python\Python310\lib\site-packages\telegram\utils\request.py", line 261, in _request_wrapper
    raise TimedOut() from error
telegram.error.TimedOut: Timed out
ERROR:telegram.ext.dispatcher:No error handlers are registered, logging exception.
Traceback (most recent call last):
  File "C:\Users\vit21\AppData\Local\Programs\Python\Python310\lib\site-packages\telegram\vendor\ptb_urllib3\urllib3\connectionpool.py", line 402, in _make_request
    six.raise_from(e, None)
  File "<string>", line 2, in raise_from
  File "C:\Users\vit21\AppData\Local\Programs\Python\Python310\lib\site-packages\telegram\vendor\ptb_urllib3\urllib3\connectionpool.py", line 398, in _make_request
    httplib_response = conn.getresponse()
  File "C:\Users\vit21\AppData\Local\Programs\Python\Python310\lib\http\client.py", line 1374, in getresponse
    response.begin()
  File "C:\Users\vit21\AppData\Local\Programs\Python\Python310\lib\http\client.py", line 318, in begin
    version, status, reason = self._read_status()
  File "C:\Users\vit21\AppData\Local\Programs\Python\Python310\lib\http\client.py", line 279, in _read_status
    line = str(self.fp.readline(_MAXLINE + 1), "iso-8859-1")
  File "C:\Users\vit21\AppData\Local\Programs\Python\Python310\lib\socket.py", line 705, in readinto
    return self._sock.recv_into(b)
  File "C:\Users\vit21\AppData\Local\Programs\Python\Python310\lib\ssl.py", line 1274, in recv_into
    return self.read(nbytes, buffer)
  File "C:\Users\vit21\AppData\Local\Programs\Python\Python310\lib\ssl.py", line 1130, in read
    return self._sslobj.read(len, buffer)
TimeoutError: The read operation timed out

During handling of the above exception, another exception occurred:

Traceback (most recent call last):
  File "C:\Users\vit21\AppData\Local\Programs\Python\Python310\lib\site-packages\telegram\utils\request.py", line 259, in _request_wrapper
    resp = self._con_pool.request(*args, **kwargs)
  File "C:\Users\vit21\AppData\Local\Programs\Python\Python310\lib\site-packages\telegram\vendor\ptb_urllib3\urllib3\request.py", line 68, in request
    return self.request_encode_body(method, url, fields=fields,
  File "C:\Users\vit21\AppData\Local\Programs\Python\Python310\lib\site-packages\telegram\vendor\ptb_urllib3\urllib3\request.py", line 148, in request_encode_body
    return self.urlopen(method, url, **extra_kw)
  File "C:\Users\vit21\AppData\Local\Programs\Python\Python310\lib\site-packages\telegram\vendor\ptb_urllib3\urllib3\poolmanager.py", line 244, in urlopen
    response = conn.urlopen(method, u.request_uri, **kw)
  File "C:\Users\vit21\AppData\Local\Programs\Python\Python310\lib\site-packages\telegram\vendor\ptb_urllib3\urllib3\connectionpool.py", line 665, in urlopen
    retries = retries.increment(method, url, error=e, _pool=self,
  File "C:\Users\vit21\AppData\Local\Programs\Python\Python310\lib\site-packages\telegram\vendor\ptb_urllib3\urllib3\util\retry.py", line 347, in increment
    raise six.reraise(type(error), error, _stacktrace)
  File "C:\Users\vit21\AppData\Local\Programs\Python\Python310\lib\site-packages\telegram\vendor\ptb_urllib3\urllib3\packages\six.py", line 686, in reraise
    raise value
  File "C:\Users\vit21\AppData\Local\Programs\Python\Python310\lib\site-packages\telegram\vendor\ptb_urllib3\urllib3\connectionpool.py", line 614, in urlopen
    httplib_response = self._make_request(conn, method, url,
  File "C:\Users\vit21\AppData\Local\Programs\Python\Python310\lib\site-packages\telegram\vendor\ptb_urllib3\urllib3\connectionpool.py", line 404, in _make_request
    self._raise_timeout(err=e, url=url, timeout_value=read_timeout,
  File "C:\Users\vit21\AppData\Local\Programs\Python\Python310\lib\site-packages\telegram\vendor\ptb_urllib3\urllib3\connectionpool.py", line 321, in _raise_timeout
    raise exc_cls(*args)
telegram.vendor.ptb_urllib3.urllib3.exceptions.ReadTimeoutError: HTTPSConnectionPool(host='api.telegram.org', port=443): Read timed out. (read timeout=5.0)

The above exception was the direct cause of the following exception:

Traceback (most recent call last):
  File "C:\Users\vit21\AppData\Local\Programs\Python\Python310\lib\site-packages\telegram\ext\dispatcher.py", line 557, in process_update
    handler.handle_update(update, self, check, context)
  File "C:\Users\vit21\AppData\Local\Programs\Python\Python310\lib\site-packages\telegram\ext\handler.py", line 199, in handle_update
    return self.callback(update, context)
  File "d:\Ucheba_all\python\test\home_lesson\bot\1.py", line 78, in main_game
    update.message.reply_text("       \n ,   :")
  File "C:\Users\vit21\AppData\Local\Programs\Python\Python310\lib\site-packages\telegram\message.py", line 914, in reply_text
    return self.bot.send_message(
  File "C:\Users\vit21\AppData\Local\Programs\Python\Python310\lib\site-packages\telegram\bot.py", line 133, in decorator
    result = func(*args, **kwargs)
  File "C:\Users\vit21\AppData\Local\Programs\Python\Python310\lib\site-packages\telegram\bot.py", line 525, in send_message
    return self._message(  # type: ignore[return-value]
  File "C:\Users\vit21\AppData\Local\Programs\Python\Python310\lib\site-packages\telegram\ext\extbot.py", line 202, in _message
    result = super()._message(
  File "C:\Users\vit21\AppData\Local\Programs\Python\Python310\lib\site-packages\telegram\bot.py", line 339, in _message
    result = self._post(endpoint, data, timeout=timeout, api_kwargs=api_kwargs)
  File "C:\Users\vit21\AppData\Local\Programs\Python\Python310\lib\site-packages\telegram\bot.py", line 298, in _post
    return self.request.post(
  File "C:\Users\vit21\AppData\Local\Programs\Python\Python310\lib\site-packages\telegram\utils\request.py", line 361, in post
    result = self._request_wrapper(
  File "C:\Users\vit21\AppData\Local\Programs\Python\Python310\lib\site-packages\telegram\utils\request.py", line 261, in _request_wrapper
    raise TimedOut() from error
telegram.error.TimedOut: Timed out
INFO:telegram.ext.updater:Received signal 2 (SIGINT), stopping...
INFO:apscheduler.scheduler:Scheduler has been shut down
WARNING:telegram.ext.updater:Exiting immediately!
